TN:
SF:src/App.tsx
FN:9,(anonymous_0)
FN:10,(anonymous_1)
FN:11,(anonymous_2)
FN:12,(anonymous_3)
FN:13,(anonymous_4)
FN:14,(anonymous_5)
FN:15,(anonymous_6)
FN:16,(anonymous_7)
FN:17,(anonymous_8)
FN:18,(anonymous_9)
FN:19,(anonymous_10)
FN:21,PageLoader
FN:29,ProtectedRoutes
FN:55,App
FNF:14
FNH:0
FNDA:0,(anonymous_0)
FNDA:0,(anonymous_1)
FNDA:0,(anonymous_2)
FNDA:0,(anonymous_3)
FNDA:0,(anonymous_4)
FNDA:0,(anonymous_5)
FNDA:0,(anonymous_6)
FNDA:0,(anonymous_7)
FNDA:0,(anonymous_8)
FNDA:0,(anonymous_9)
FNDA:0,(anonymous_10)
FNDA:0,PageLoader
FNDA:0,ProtectedRoutes
FNDA:0,App
DA:9,0
DA:10,0
DA:11,0
DA:12,0
DA:13,0
DA:14,0
DA:15,0
DA:16,0
DA:17,0
DA:18,0
DA:19,0
DA:22,0
DA:30,0
DA:31,0
DA:32,0
DA:56,0
LF:16
LH:0
BRDA:31,0,0,0
BRDA:31,0,1,0
BRF:2
BRH:0
end_of_record
TN:
SF:src/api/algoRegistry.ts
FN:15,(anonymous_0)
FN:18,(anonymous_1)
FNF:2
FNH:0
FNDA:0,(anonymous_0)
FNDA:0,(anonymous_1)
DA:14,0
DA:16,0
DA:18,0
LF:3
LH:0
BRF:0
BRH:0
end_of_record
TN:
SF:src/api/assets.ts
FN:46,toAlgoEvent
FN:60,toAssetEvent
FN:92,(anonymous_2)
FN:106,(anonymous_3)
FN:109,(anonymous_4)
FN:110,(anonymous_5)
FN:112,(anonymous_6)
FN:113,(anonymous_7)
FN:115,(anonymous_8)
FN:116,(anonymous_9)
FN:118,(anonymous_10)
FN:119,(anonymous_11)
FN:121,(anonymous_12)
FN:122,(anonymous_13)
FN:124,(anonymous_14)
FN:125,(anonymous_15)
FN:128,(anonymous_16)
FN:133,(anonymous_17)
FN:136,(anonymous_18)
FN:137,(anonymous_19)
FN:139,(anonymous_20)
FN:140,(anonymous_21)
FN:142,(anonymous_22)
FN:143,(anonymous_23)
FN:145,(anonymous_24)
FN:158,(anonymous_25)
FN:164,(anonymous_26)
FN:177,(anonymous_27)
FN:178,(anonymous_28)
FNF:29
FNH:0
FNDA:0,toAlgoEvent
FNDA:0,toAssetEvent
FNDA:0,(anonymous_2)
FNDA:0,(anonymous_3)
FNDA:0,(anonymous_4)
FNDA:0,(anonymous_5)
FNDA:0,(anonymous_6)
FNDA:0,(anonymous_7)
FNDA:0,(anonymous_8)
FNDA:0,(anonymous_9)
FNDA:0,(anonymous_10)
FNDA:0,(anonymous_11)
FNDA:0,(anonymous_12)
FNDA:0,(anonymous_13)
FNDA:0,(anonymous_14)
FNDA:0,(anonymous_15)
FNDA:0,(anonymous_16)
FNDA:0,(anonymous_17)
FNDA:0,(anonymous_18)
FNDA:0,(anonymous_19)
FNDA:0,(anonymous_20)
FNDA:0,(anonymous_21)
FNDA:0,(anonymous_22)
FNDA:0,(anonymous_23)
FNDA:0,(anonymous_24)
FNDA:0,(anonymous_25)
FNDA:0,(anonymous_26)
FNDA:0,(anonymous_27)
FNDA:0,(anonymous_28)
DA:47,0
DA:48,0
DA:61,0
DA:91,1
DA:94,0
DA:95,0
DA:96,0
DA:97,0
DA:98,0
DA:99,0
DA:100,0
DA:101,0
DA:104,0
DA:106,0
DA:110,0
DA:113,0
DA:116,0
DA:119,0
DA:122,0
DA:125,0
DA:129,0
DA:133,0
DA:137,0
DA:140,0
DA:143,0
DA:154,0
DA:158,0
DA:170,0
DA:177,0
DA:178,0
LF:30
LH:1
BRDA:47,0,0,0
BRDA:47,0,1,0
BRDA:51,1,0,0
BRDA:51,1,1,0
BRDA:53,2,0,0
BRDA:53,2,1,0
BRDA:63,3,0,0
BRDA:63,3,1,0
BRDA:64,4,0,0
BRDA:64,4,1,0
BRDA:95,5,0,0
BRDA:95,5,1,0
BRDA:96,6,0,0
BRDA:96,6,1,0
BRDA:97,7,0,0
BRDA:97,7,1,0
BRDA:98,8,0,0
BRDA:98,8,1,0
BRDA:99,9,0,0
BRDA:99,9,1,0
BRDA:128,10,0,0
BRDA:128,11,0,0
BRDA:159,12,0,0
BRDA:159,12,1,0
BRDA:161,13,0,0
BRDA:161,13,1,0
BRDA:161,13,2,0
BRDA:168,14,0,0
BRDA:173,15,0,0
BRDA:173,15,1,0
BRDA:174,16,0,0
BRDA:174,16,1,0
BRF:32
BRH:0
end_of_record
TN:
SF:src/api/client.ts
FN:16,(anonymous_0)
FN:25,(anonymous_1)
FN:26,(anonymous_2)
FNF:3
FNH:0
FNDA:0,(anonymous_0)
FNDA:0,(anonymous_1)
FNDA:0,(anonymous_2)
DA:3,1
DA:6,1
DA:9,1
DA:11,1
DA:16,1
DA:17,0
DA:18,0
DA:19,0
DA:21,0
DA:24,1
DA:25,0
DA:27,0
DA:28,0
DA:29,0
DA:31,0
LF:15
LH:6
BRDA:18,0,0,0
BRDA:18,0,1,0
BRDA:27,1,0,0
BRDA:27,1,1,0
BRF:4
BRH:0
end_of_record
TN:
SF:src/api/deliveries.ts
FN:19,(anonymous_0)
FN:26,(anonymous_1)
FN:29,(anonymous_2)
FN:30,(anonymous_3)
FN:32,(anonymous_4)
FN:37,(anonymous_5)
FN:39,(anonymous_6)
FN:42,(anonymous_7)
FNF:8
FNH:0
FNDA:0,(anonymous_0)
FNDA:0,(anonymous_1)
FNDA:0,(anonymous_2)
FNDA:0,(anonymous_3)
FNDA:0,(anonymous_4)
FNDA:0,(anonymous_5)
FNDA:0,(anonymous_6)
FNDA:0,(anonymous_7)
DA:18,0
DA:20,0
DA:21,0
DA:22,0
DA:23,0
DA:24,0
DA:26,0
DA:30,0
DA:33,0
DA:37,0
DA:40,0
DA:42,0
LF:12
LH:0
BRDA:21,0,0,0
BRDA:21,0,1,0
BRDA:22,1,0,0
BRDA:22,1,1,0
BRDA:23,2,0,0
BRDA:23,2,1,0
BRF:6
BRH:0
end_of_record
TN:
SF:src/api/lakehouse.ts
FN:54,(anonymous_0)
FN:54,(anonymous_1)
FN:55,(anonymous_2)
FN:55,(anonymous_3)
FN:56,(anonymous_4)
FN:56,(anonymous_5)
FN:57,(anonymous_6)
FN:57,(anonymous_7)
FN:58,(anonymous_8)
FN:61,(anonymous_9)
FN:62,(anonymous_10)
FN:67,(anonymous_11)
FN:68,(anonymous_12)
FN:71,(anonymous_13)
FN:72,(anonymous_14)
FN:75,(anonymous_15)
FN:76,(anonymous_16)
FN:79,(anonymous_17)
FNF:18
FNH:0
FNDA:0,(anonymous_0)
FNDA:0,(anonymous_1)
FNDA:0,(anonymous_2)
FNDA:0,(anonymous_3)
FNDA:0,(anonymous_4)
FNDA:0,(anonymous_5)
FNDA:0,(anonymous_6)
FNDA:0,(anonymous_7)
FNDA:0,(anonymous_8)
FNDA:0,(anonymous_9)
FNDA:0,(anonymous_10)
FNDA:0,(anonymous_11)
FNDA:0,(anonymous_12)
FNDA:0,(anonymous_13)
FNDA:0,(anonymous_14)
FNDA:0,(anonymous_15)
FNDA:0,(anonymous_16)
FNDA:0,(anonymous_17)
DA:53,0
DA:54,0
DA:55,0
DA:56,0
DA:57,0
DA:59,0
DA:61,0
DA:63,0
DA:67,0
DA:69,0
DA:71,0
DA:73,0
DA:75,0
DA:77,0
DA:79,0
LF:15
LH:0
BRDA:58,0,0,0
BRDA:62,1,0,0
BRDA:62,2,0,0
BRDA:68,3,0,0
BRDA:72,4,0,0
BRDA:76,5,0,0
BRF:6
BRH:0
end_of_record
TN:
SF:src/api/mcapFiles.ts
FN:12,(anonymous_0)
FN:20,(anonymous_1)
FN:23,(anonymous_2)
FN:24,(anonymous_3)
FN:26,(anonymous_4)
FN:27,(anonymous_5)
FNF:6
FNH:0
FNDA:0,(anonymous_0)
FNDA:0,(anonymous_1)
FNDA:0,(anonymous_2)
FNDA:0,(anonymous_3)
FNDA:0,(anonymous_4)
FNDA:0,(anonymous_5)
DA:11,0
DA:13,0
DA:14,0
DA:15,0
DA:16,0
DA:17,0
DA:18,0
DA:20,0
DA:24,0
DA:27,0
LF:10
LH:0
BRDA:14,0,0,0
BRDA:14,0,1,0
BRDA:15,1,0,0
BRDA:15,1,1,0
BRDA:16,2,0,0
BRDA:16,2,1,0
BRDA:17,3,0,0
BRDA:17,3,1,0
BRF:8
BRH:0
end_of_record
TN:
SF:src/api/search.ts
FN:24,(anonymous_0)
FN:36,(anonymous_1)
FNF:2
FNH:0
FNDA:0,(anonymous_0)
FNDA:0,(anonymous_1)
DA:23,0
DA:25,0
DA:26,0
DA:27,0
DA:28,0
DA:29,0
DA:30,0
DA:31,0
DA:34,0
DA:36,0
LF:10
LH:0
BRDA:26,0,0,0
BRDA:26,0,1,0
BRDA:27,1,0,0
BRDA:27,1,1,0
BRDA:28,2,0,0
BRDA:28,2,1,0
BRDA:29,3,0,0
BRDA:29,3,1,0
BRF:8
BRH:0
end_of_record
TN:
SF:src/api/tagRegistry.ts
FN:15,(anonymous_0)
FN:18,(anonymous_1)
FNF:2
FNH:0
FNDA:0,(anonymous_0)
FNDA:0,(anonymous_1)
DA:14,0
DA:16,0
DA:18,0
LF:3
LH:0
BRF:0
BRH:0
end_of_record
TN:
SF:src/api/types.ts
FNF:0
FNH:0
LF:0
LH:0
BRF:0
BRH:0
end_of_record
TN:
SF:src/components/AppLayout.tsx
FN:32,resolveSelectedKey
FN:34,(anonymous_1)
FN:36,(anonymous_2)
FN:40,AppLayout
FN:63,(anonymous_4)
FN:103,(anonymous_5)
FN:120,(anonymous_6)
FNF:7
FNH:0
FNDA:0,resolveSelectedKey
FNDA:0,(anonymous_1)
FNDA:0,(anonymous_2)
FNDA:0,AppLayout
FNDA:0,(anonymous_4)
FNDA:0,(anonymous_5)
FNDA:0,(anonymous_6)
DA:18,0
DA:20,0
DA:33,0
DA:34,0
DA:35,0
DA:36,0
DA:37,0
DA:41,0
DA:42,0
DA:43,0
DA:45,0
DA:63,0
DA:103,0
DA:120,0
LF:14
LH:0
BRDA:33,0,0,0
BRDA:33,0,1,0
BRDA:34,1,0,0
BRDA:34,1,1,0
BRDA:35,2,0,0
BRDA:35,2,1,0
BRDA:35,3,0,0
BRDA:35,3,1,0
BRDA:36,4,0,0
BRDA:36,4,1,0
BRDA:37,5,0,0
BRDA:37,5,1,0
BRDA:37,6,0,0
BRDA:37,6,1,0
BRF:14
BRH:0
end_of_record
TN:
SF:src/components/ErrorBoundary.tsx
FN:15,(anonymous_0)
FN:20,(anonymous_1)
FN:24,(anonymous_2)
FN:28,(anonymous_3)
FN:36,(anonymous_4)
FNF:5
FNH:0
FNDA:0,(anonymous_0)
FNDA:0,(anonymous_1)
FNDA:0,(anonymous_2)
FNDA:0,(anonymous_3)
FNDA:0,(anonymous_4)
DA:16,0
DA:17,0
DA:21,0
DA:25,0
DA:29,0
DA:30,0
DA:36,0
DA:43,0
LF:8
LH:0
BRDA:29,0,0,0
BRDA:29,0,1,0
BRDA:34,1,0,0
BRDA:34,1,1,0
BRF:4
BRH:0
end_of_record
TN:
SF:src/components/algo-matrix/AlgoMatrixGrid.tsx
FN:20,AlgoMatrixGrid
FN:38,(anonymous_1)
FN:44,(anonymous_2)
FN:54,(anonymous_3)
FN:65,(anonymous_4)
FN:87,(anonymous_5)
FNF:6
FNH:0
FNDA:0,AlgoMatrixGrid
FNDA:0,(anonymous_1)
FNDA:0,(anonymous_2)
FNDA:0,(anonymous_3)
FNDA:0,(anonymous_4)
FNDA:0,(anonymous_5)
DA:30,0
DA:39,0
DA:44,0
DA:55,0
DA:56,0
DA:57,0
DA:73,0
DA:87,0
LF:8
LH:0
BRF:0
BRH:0
end_of_record
TN:
SF:src/components/algo-matrix/AlgoStatusCell.tsx
FN:60,AlgoStatusCell
FN:83,(anonymous_1)
FN:86,(anonymous_2)
FN:89,(anonymous_3)
FNF:4
FNH:0
FNDA:0,AlgoStatusCell
FNDA:0,(anonymous_1)
FNDA:0,(anonymous_2)
FNDA:0,(anonymous_3)
DA:16,0
DA:61,0
DA:63,0
DA:76,0
DA:84,0
DA:87,0
DA:90,0
LF:7
LH:0
BRDA:72,0,0,0
BRDA:72,0,1,0
BRDA:84,1,0,0
BRDA:84,1,1,0
BRDA:84,2,0,0
BRDA:84,2,1,0
BRF:6
BRH:0
end_of_record
TN:
SF:src/components/algo-matrix/AlgoStatusPopover.tsx
FN:24,formatTime
FN:29,AlgoStatusPopover
FN:38,(anonymous_2)
FNF:3
FNH:0
FNDA:0,formatTime
FNDA:0,AlgoStatusPopover
FNDA:0,(anonymous_2)
DA:25,0
DA:26,0
DA:36,0
DA:38,0
DA:39,0
DA:40,0
DA:41,0
DA:42,0
DA:43,0
DA:45,0
DA:47,0
DA:51,0
DA:92,0
LF:13
LH:0
BRDA:25,0,0,0
BRDA:25,0,1,0
BRDA:51,1,0,0
BRDA:51,1,1,0
BRDA:62,2,0,0
BRDA:62,2,1,0
BRDA:65,3,0,0
BRDA:65,3,1,0
BRDA:74,4,0,0
BRDA:74,4,1,0
BRF:10
BRH:0
end_of_record
TN:
SF:src/components/asset-detail/AlgoTab.tsx
FN:50,AlgoTab
FN:66,(anonymous_1)
FN:67,(anonymous_2)
FN:70,(anonymous_3)
FN:83,(anonymous_4)
FN:107,(anonymous_5)
FN:123,(anonymous_6)
FN:129,(anonymous_7)
FN:138,(anonymous_8)
FN:144,(anonymous_9)
FN:153,(anonymous_10)
FN:170,(anonymous_11)
FN:175,(anonymous_12)
FN:197,(anonymous_13)
FN:238,(anonymous_14)
FN:256,(anonymous_15)
FN:268,(anonymous_16)
FNF:17
FNH:0
FNDA:0,AlgoTab
FNDA:0,(anonymous_1)
FNDA:0,(anonymous_2)
FNDA:0,(anonymous_3)
FNDA:0,(anonymous_4)
FNDA:0,(anonymous_5)
FNDA:0,(anonymous_6)
FNDA:0,(anonymous_7)
FNDA:0,(anonymous_8)
FNDA:0,(anonymous_9)
FNDA:0,(anonymous_10)
FNDA:0,(anonymous_11)
FNDA:0,(anonymous_12)
FNDA:0,(anonymous_13)
FNDA:0,(anonymous_14)
FNDA:0,(anonymous_15)
FNDA:0,(anonymous_16)
DA:17,0
DA:19,0
DA:59,0
DA:60,0
DA:61,0
DA:62,0
DA:63,0
DA:64,0
DA:66,0
DA:67,0
DA:70,0
DA:71,0
DA:72,0
DA:73,0
DA:74,0
DA:75,0
DA:77,0
DA:79,0
DA:83,0
DA:84,0
DA:85,0
DA:86,0
DA:87,0
DA:88,0
DA:89,0
DA:90,0
DA:91,0
DA:92,0
DA:94,0
DA:96,0
DA:100,0
DA:107,0
DA:123,0
DA:130,0
DA:131,0
DA:138,0
DA:145,0
DA:146,0
DA:147,0
DA:154,0
DA:155,0
DA:157,0
DA:158,0
DA:160,0
DA:161,0
DA:163,0
DA:171,0
DA:172,0
DA:175,0
DA:187,0
DA:197,0
DA:239,0
DA:240,0
DA:241,0
DA:256,0
DA:268,0
LF:56
LH:0
BRDA:54,0,0,0
BRDA:55,1,0,0
BRDA:84,2,0,0
BRDA:84,2,1,0
BRDA:84,3,0,0
BRDA:84,3,1,0
BRDA:130,4,0,0
BRDA:130,4,1,0
BRDA:138,5,0,0
BRDA:138,5,1,0
BRDA:145,6,0,0
BRDA:145,6,1,0
BRDA:145,7,0,0
BRDA:145,7,1,0
BRDA:154,8,0,0
BRDA:154,8,1,0
BRDA:154,9,0,0
BRDA:154,9,1,0
BRDA:157,10,0,0
BRDA:157,10,1,0
BRDA:160,11,0,0
BRDA:160,11,1,0
BRDA:171,12,0,0
BRDA:171,12,1,0
BRDA:171,13,0,0
BRDA:171,13,1,0
BRDA:194,14,0,0
BRDA:194,14,1,0
BRDA:199,15,0,0
BRDA:199,15,1,0
BRDA:200,16,0,0
BRDA:200,16,1,0
BRDA:201,17,0,0
BRDA:201,17,1,0
BRDA:206,18,0,0
BRDA:206,18,1,0
BRDA:208,19,0,0
BRDA:208,19,1,0
BRDA:220,20,0,0
BRDA:220,20,1,0
BRDA:245,21,0,0
BRDA:245,21,1,0
BRDA:253,22,0,0
BRDA:253,22,1,0
BRF:44
BRH:0
end_of_record
TN:
SF:src/components/asset-detail/AssetEventsTab.tsx
FN:14,payloadString
FN:21,summarizeEvent
FN:60,AssetEventsTab
FN:73,(anonymous_3)
FNF:4
FNH:0
FNDA:0,payloadString
FNDA:0,summarizeEvent
FNDA:0,AssetEventsTab
FNDA:0,(anonymous_3)
DA:5,0
DA:15,0
DA:16,0
DA:18,0
DA:22,0
DA:23,0
DA:25,0
DA:27,0
DA:29,0
DA:30,0
DA:31,0
DA:34,0
DA:35,0
DA:36,0
DA:39,0
DA:40,0
DA:47,0
DA:48,0
DA:49,0
DA:50,0
DA:51,0
DA:53,0
DA:56,0
DA:66,0
DA:67,0
DA:70,0
DA:73,0
LF:27
LH:0
BRDA:15,0,0,0
BRDA:15,0,1,0
BRDA:15,1,0,0
BRDA:15,1,1,0
BRDA:15,1,2,0
BRDA:22,2,0,0
BRDA:22,2,1,0
BRDA:23,3,0,0
BRDA:23,3,1,0
BRDA:23,3,2,0
BRDA:23,3,3,0
BRDA:23,3,4,0
BRDA:23,3,5,0
BRDA:23,3,6,0
BRDA:23,3,7,0
BRDA:23,3,8,0
BRDA:23,3,9,0
BRDA:23,3,10,0
BRDA:25,4,0,0
BRDA:25,4,1,0
BRDA:27,5,0,0
BRDA:27,5,1,0
BRDA:29,6,0,0
BRDA:29,6,1,0
BRDA:29,6,2,0
BRDA:30,7,0,0
BRDA:30,7,1,0
BRDA:30,7,2,0
BRDA:36,8,0,0
BRDA:36,8,1,0
BRDA:36,9,0,0
BRDA:36,9,1,0
BRDA:36,10,0,0
BRDA:36,10,1,0
BRDA:40,11,0,0
BRDA:40,11,1,0
BRDA:50,12,0,0
BRDA:50,12,1,0
BRDA:50,13,0,0
BRDA:50,13,1,0
BRDA:50,13,2,0
BRDA:51,14,0,0
BRDA:51,14,1,0
BRDA:51,15,0,0
BRDA:51,15,1,0
BRDA:53,16,0,0
BRDA:53,16,1,0
BRDA:56,17,0,0
BRDA:56,17,1,0
BRDA:56,17,2,0
BRDA:62,18,0,0
BRDA:63,19,0,0
BRDA:66,20,0,0
BRDA:66,20,1,0
BRDA:75,21,0,0
BRDA:75,21,1,0
BRDA:76,22,0,0
BRDA:76,22,1,0
BRDA:77,23,0,0
BRDA:77,23,1,0
BRDA:77,24,0,0
BRDA:77,24,1,0
BRDA:94,25,0,0
BRDA:94,25,1,0
BRF:64
BRH:0
end_of_record
TN:
SF:src/components/asset-detail/AssetPreviewHero.tsx
FN:69,AlgoSummaryInline
FN:94,(anonymous_1)
FN:108,PreviewMediaPanel
FN:159,AssetSummaryPanel
FN:215,AssetPreviewHero
FNF:5
FNH:0
FNDA:0,AlgoSummaryInline
FNDA:0,(anonymous_1)
FNDA:0,PreviewMediaPanel
FNDA:0,AssetSummaryPanel
FNDA:0,AssetPreviewHero
DA:29,0
DA:40,0
DA:47,0
DA:58,0
DA:67,0
DA:70,0
DA:71,0
DA:72,0
DA:75,0
DA:76,0
DA:77,0
DA:78,0
DA:79,0
DA:86,0
DA:87,0
DA:88,0
DA:92,0
DA:95,0
DA:109,0
DA:110,0
DA:112,0
DA:160,0
DA:161,0
DA:162,0
DA:164,0
DA:219,0
LF:26
LH:0
BRDA:71,0,0,0
BRDA:71,0,1,0
BRDA:78,1,0,0
BRDA:78,1,1,0
BRDA:82,2,0,0
BRDA:82,2,1,0
BRDA:87,3,0,0
BRDA:87,3,1,0
BRDA:96,4,0,0
BRDA:96,4,1,0
BRDA:97,5,0,0
BRDA:97,5,1,0
BRDA:109,6,0,0
BRDA:109,6,1,0
BRDA:162,7,0,0
BRDA:162,7,1,0
BRDA:177,8,0,0
BRDA:177,8,1,0
BRDA:178,9,0,0
BRDA:178,9,1,0
BRDA:179,10,0,0
BRDA:179,10,1,0
BRDA:181,11,0,0
BRDA:181,11,1,0
BRDA:182,12,0,0
BRDA:182,12,1,0
BRDA:195,13,0,0
BRDA:195,13,1,0
BRDA:196,14,0,0
BRDA:196,14,1,0
BRDA:200,15,0,0
BRDA:200,15,1,0
BRDA:205,16,0,0
BRDA:205,16,1,0
BRF:34
BRH:0
end_of_record
TN:
SF:src/components/asset-detail/DeliveryHistoryTab.tsx
FN:20,DeliveryHistoryTab
FN:24,(anonymous_1)
FN:30,(anonymous_2)
FN:48,(anonymous_3)
FN:52,(anonymous_4)
FN:53,(anonymous_5)
FN:56,(anonymous_6)
FN:62,(anonymous_7)
FN:66,(anonymous_8)
FN:97,(anonymous_9)
FN:108,(anonymous_10)
FN:116,(anonymous_11)
FNF:12
FNH:0
FNDA:0,DeliveryHistoryTab
FNDA:0,(anonymous_1)
FNDA:0,(anonymous_2)
FNDA:0,(anonymous_3)
FNDA:0,(anonymous_4)
FNDA:0,(anonymous_5)
FNDA:0,(anonymous_6)
FNDA:0,(anonymous_7)
FNDA:0,(anonymous_8)
FNDA:0,(anonymous_9)
FNDA:0,(anonymous_10)
FNDA:0,(anonymous_11)
DA:12,0
DA:21,0
DA:22,0
DA:24,0
DA:25,0
DA:26,0
DA:28,0
DA:31,0
DA:32,0
DA:33,0
DA:34,0
DA:36,0
DA:37,0
DA:38,0
DA:39,0
DA:40,0
DA:43,0
DA:44,0
DA:45,0
DA:47,0
DA:48,0
DA:50,0
DA:51,0
DA:52,0
DA:53,0
DA:54,0
DA:57,0
DA:58,0
DA:59,0
DA:63,0
DA:66,0
DA:69,0
DA:70,0
DA:77,0
DA:78,0
DA:85,0
DA:97,0
DA:109,0
DA:117,0
LF:39
LH:0
BRDA:31,0,0,0
BRDA:31,0,1,0
BRDA:32,1,0,0
BRDA:32,1,1,0
BRDA:33,2,0,0
BRDA:33,2,1,0
BRDA:34,3,0,0
BRDA:34,3,1,0
BRDA:36,4,0,0
BRDA:36,4,1,0
BRDA:36,4,2,0
BRDA:36,5,0,0
BRDA:36,5,1,0
BRDA:39,6,0,0
BRDA:39,6,1,0
BRDA:40,7,0,0
BRDA:40,7,1,0
BRDA:43,8,0,0
BRDA:43,8,1,0
BRDA:43,9,0,0
BRDA:43,9,1,0
BRDA:44,10,0,0
BRDA:44,10,1,0
BRDA:50,11,0,0
BRDA:50,11,1,0
BRDA:57,12,0,0
BRDA:57,12,1,0
BRDA:63,13,0,0
BRDA:63,13,1,0
BRDA:69,14,0,0
BRDA:69,14,1,0
BRDA:77,15,0,0
BRDA:77,15,1,0
BRDA:109,16,0,0
BRDA:109,16,1,0
BRDA:117,17,0,0
BRDA:117,17,1,0
BRF:37
BRH:0
end_of_record
TN:
SF:src/components/asset-detail/FilesTab.tsx
FN:10,FilesTab
FN:11,(anonymous_1)
FN:29,(anonymous_2)
FN:37,(anonymous_3)
FNF:4
FNH:0
FNDA:0,FilesTab
FNDA:0,(anonymous_1)
FNDA:0,(anonymous_2)
FNDA:0,(anonymous_3)
DA:4,0
DA:11,0
DA:12,0
DA:13,0
DA:14,0
DA:16,0
DA:20,0
DA:22,0
DA:30,0
DA:37,0
LF:10
LH:0
BRDA:27,0,0,0
BRDA:27,0,1,0
BRF:2
BRH:0
end_of_record
TN:
SF:src/components/asset-detail/OverviewTab.tsx
FN:10,OverviewTab
FNF:1
FNH:0
FNDA:0,OverviewTab
DA:11,0
LF:1
LH:0
BRDA:21,0,0,0
BRDA:21,0,1,0
BRDA:27,1,0,0
BRDA:27,1,1,0
BRDA:32,2,0,0
BRDA:32,2,1,0
BRDA:33,3,0,0
BRDA:33,3,1,0
BRDA:34,4,0,0
BRDA:34,4,1,0
BRDA:36,5,0,0
BRDA:36,5,1,0
BRDA:38,6,0,0
BRDA:38,6,1,0
BRDA:39,7,0,0
BRDA:39,7,1,0
BRDA:40,8,0,0
BRDA:40,8,1,0
BRDA:41,9,0,0
BRDA:41,9,1,0
BRDA:43,10,0,0
BRDA:43,10,1,0
BRF:22
BRH:0
end_of_record
TN:
SF:src/components/asset-detail/TagsTab.tsx
FN:16,TagsTab
FN:25,(anonymous_1)
FN:26,(anonymous_2)
FN:29,(anonymous_3)
FN:47,(anonymous_4)
FN:60,(anonymous_5)
FN:79,(anonymous_6)
FN:80,(anonymous_7)
FN:93,(anonymous_8)
FN:98,(anonymous_9)
FN:99,(anonymous_10)
FN:108,(anonymous_11)
FN:116,(anonymous_12)
FN:139,(anonymous_13)
FN:149,(anonymous_14)
FN:150,(anonymous_15)
FN:151,(anonymous_16)
FN:157,(anonymous_17)
FN:168,(anonymous_18)
FNF:19
FNH:0
FNDA:0,TagsTab
FNDA:0,(anonymous_1)
FNDA:0,(anonymous_2)
FNDA:0,(anonymous_3)
FNDA:0,(anonymous_4)
FNDA:0,(anonymous_5)
FNDA:0,(anonymous_6)
FNDA:0,(anonymous_7)
FNDA:0,(anonymous_8)
FNDA:0,(anonymous_9)
FNDA:0,(anonymous_10)
FNDA:0,(anonymous_11)
FNDA:0,(anonymous_12)
FNDA:0,(anonymous_13)
FNDA:0,(anonymous_14)
FNDA:0,(anonymous_15)
FNDA:0,(anonymous_16)
FNDA:0,(anonymous_17)
FNDA:0,(anonymous_18)
DA:17,0
DA:18,0
DA:19,0
DA:20,0
DA:21,0
DA:22,0
DA:23,0
DA:25,0
DA:26,0
DA:29,0
DA:30,0
DA:31,0
DA:32,0
DA:34,0
DA:35,0
DA:36,0
DA:37,0
DA:38,0
DA:40,0
DA:42,0
DA:43,0
DA:47,0
DA:48,0
DA:49,0
DA:50,0
DA:51,0
DA:52,0
DA:54,0
DA:56,0
DA:60,0
DA:61,0
DA:62,0
DA:63,0
DA:64,0
DA:65,0
DA:66,0
DA:67,0
DA:68,0
DA:69,0
DA:71,0
DA:73,0
DA:78,0
DA:79,0
DA:80,0
DA:82,0
DA:85,0
DA:93,0
DA:99,0
DA:100,0
DA:101,0
DA:108,0
DA:112,0
DA:116,0
DA:135,0
DA:140,0
DA:149,0
DA:150,0
DA:151,0
DA:158,0
DA:159,0
DA:168,0
LF:61
LH:0
BRDA:30,0,0,0
BRDA:30,0,1,0
BRDA:61,1,0,0
BRDA:61,1,1,0
BRDA:89,2,0,0
BRDA:89,2,1,0
BRDA:100,3,0,0
BRDA:100,3,1,0
BRDA:100,4,0,0
BRDA:100,4,1,0
BRDA:104,5,0,0
BRDA:104,5,1,0
BRDA:137,6,0,0
BRDA:137,6,1,0
BRDA:142,7,0,0
BRDA:142,7,1,0
BRF:16
BRH:0
end_of_record
TN:
SF:src/components/assets/ActiveFilterChipsRow.tsx
FN:25,chipColor
FN:34,formatOpLabel
FN:38,formatChipValue
FN:42,formatChipText
FN:56,ActiveFilterChipsRow
FN:65,(anonymous_5)
FN:70,(anonymous_6)
FNF:7
FNH:7
FNDA:9,chipColor
FNDA:30,formatOpLabel
FNDA:22,formatChipValue
FNDA:20,formatChipText
FNDA:9,ActiveFilterChipsRow
FNDA:9,(anonymous_5)
FNDA:1,(anonymous_6)
DA:11,1
DA:26,9
DA:27,8
DA:28,7
DA:29,6
DA:35,30
DA:39,22
DA:43,20
DA:61,9
DA:63,8
DA:66,9
DA:70,1
LF:12
LH:12
BRDA:26,0,0,1
BRDA:26,0,1,8
BRDA:26,1,0,9
BRDA:26,1,1,1
BRDA:27,2,0,1
BRDA:27,2,1,7
BRDA:27,3,0,8
BRDA:27,3,1,1
BRDA:28,4,0,1
BRDA:28,4,1,6
BRDA:28,5,0,7
BRDA:28,5,1,2
BRDA:35,6,0,30
BRDA:35,6,1,1
BRDA:39,7,0,2
BRDA:39,7,1,20
BRDA:61,8,0,1
BRDA:61,8,1,8
BRF:18
BRH:18
end_of_record
TN:
SF:src/components/assets/AddFilterPopover.tsx
FN:81,getOperators
FN:112,valuePlaceholder
FN:130,AddFilterPopover
FN:137,(anonymous_3)
FN:137,(anonymous_4)
FN:142,(anonymous_5)
FN:146,(anonymous_6)
FN:152,(anonymous_7)
FN:160,(anonymous_8)
FN:165,(anonymous_9)
FN:183,(anonymous_10)
FN:204,(anonymous_11)
FN:207,(anonymous_12)
FN:213,(anonymous_13)
FN:235,(anonymous_14)
FN:236,(anonymous_15)
FN:241,(anonymous_16)
FNF:17
FNH:0
FNDA:0,getOperators
FNDA:0,valuePlaceholder
FNDA:0,AddFilterPopover
FNDA:0,(anonymous_3)
FNDA:0,(anonymous_4)
FNDA:0,(anonymous_5)
FNDA:0,(anonymous_6)
FNDA:0,(anonymous_7)
FNDA:0,(anonymous_8)
FNDA:0,(anonymous_9)
FNDA:0,(anonymous_10)
FNDA:0,(anonymous_11)
FNDA:0,(anonymous_12)
FNDA:0,(anonymous_13)
FNDA:0,(anonymous_14)
FNDA:0,(anonymous_15)
FNDA:0,(anonymous_16)
DA:22,0
DA:70,0
DA:82,0
DA:84,0
DA:89,0
DA:98,0
DA:103,0
DA:113,0
DA:114,0
DA:116,0
DA:117,0
DA:119,0
DA:131,0
DA:132,0
DA:133,0
DA:134,0
DA:136,0
DA:137,0
DA:141,0
DA:142,0
DA:146,0
DA:147,0
DA:148,0
DA:149,0
DA:152,0
DA:153,0
DA:154,0
DA:155,0
DA:156,0
DA:157,0
DA:160,0
DA:161,0
DA:162,0
DA:165,0
DA:166,0
DA:167,0
DA:168,0
DA:172,0
DA:183,0
DA:204,0
DA:207,0
DA:213,0
DA:236,0
DA:237,0
DA:241,0
DA:253,0
LF:46
LH:0
BRDA:82,0,0,0
BRDA:82,0,1,0
BRDA:82,0,2,0
BRDA:82,0,3,0
BRDA:113,1,0,0
BRDA:113,1,1,0
BRDA:113,2,0,0
BRDA:113,2,1,0
BRDA:116,3,0,0
BRDA:116,3,1,0
BRDA:116,4,0,0
BRDA:116,4,1,0
BRDA:137,5,0,0
BRDA:137,5,1,0
BRDA:142,6,0,0
BRDA:142,6,1,0
BRDA:153,7,0,0
BRDA:153,7,1,0
BRDA:153,8,0,0
BRDA:153,8,1,0
BRDA:153,8,2,0
BRDA:187,9,0,0
BRDA:187,9,1,0
BRDA:199,10,0,0
BRDA:199,10,1,0
BRDA:199,10,2,0
BRDA:200,11,0,0
BRDA:200,11,1,0
BRDA:203,12,0,0
BRDA:203,12,1,0
BRDA:207,13,0,0
BRDA:207,13,1,0
BRDA:216,14,0,0
BRDA:216,14,1,0
BRDA:223,15,0,0
BRDA:223,15,1,0
BRDA:223,15,2,0
BRDA:237,16,0,0
BRDA:237,16,1,0
BRF:39
BRH:0
end_of_record
TN:
SF:src/components/assets/AlgoSummaryCell.tsx
FN:30,parseAlgoEntries
FN:46,countStatuses
FN:56,AlgoPopoverContent
FN:59,(anonymous_3)
FN:87,AlgoSummaryCell
FN:122,(anonymous_5)
FNF:6
FNH:4
FNDA:22,parseAlgoEntries
FNDA:11,countStatuses
FNDA:0,AlgoPopoverContent
FNDA:0,(anonymous_3)
FNDA:9,AlgoSummaryCell
FNDA:2,(anonymous_5)
DA:8,3
DA:12,3
DA:31,22
DA:32,21
DA:33,21
DA:34,33
DA:35,22
DA:36,22
DA:37,22
DA:40,21
DA:47,11
DA:48,11
DA:49,23
DA:51,11
DA:57,0
DA:60,0
DA:88,9
DA:89,9
DA:90,8
DA:93,1
DA:96,1
DA:97,1
DA:98,1
DA:99,5
DA:100,2
DA:108,1
DA:109,2
DA:110,0
DA:114,1
DA:123,2
LF:30
LH:27
BRDA:31,0,0,1
BRDA:31,0,1,21
BRDA:34,1,0,22
BRDA:34,1,1,11
BRDA:49,2,0,23
BRDA:49,2,1,21
BRDA:70,3,0,0
BRDA:70,3,1,0
BRDA:89,4,0,8
BRDA:89,4,1,1
BRDA:99,5,0,2
BRDA:99,5,1,3
BRDA:103,6,0,1
BRDA:103,6,1,1
BRDA:109,7,0,0
BRDA:109,7,1,2
BRDA:124,8,0,2
BRDA:124,8,1,1
BRDA:125,9,0,1
BRDA:125,9,1,1
BRF:20
BRH:17
end_of_record
TN:
SF:src/components/assets/AssetQuickPreviewPane.tsx
FN:80,AlgoSummaryBlock
FN:105,(anonymous_1)
FN:108,(anonymous_2)
FN:118,(anonymous_3)
FN:138,FilesBlock
FN:145,(anonymous_5)
FN:169,EmptyState
FN:190,LoadingState
FN:200,ErrorState
FN:227,PreviewMediaBlock
FN:254,LoadedContent
FN:339,(anonymous_11)
FN:348,(anonymous_12)
FN:360,AssetQuickPreviewPane
FNF:14
FNH:13
FNDA:8,AlgoSummaryBlock
FNDA:16,(anonymous_1)
FNDA:24,(anonymous_2)
FNDA:16,(anonymous_3)
FNDA:8,FilesBlock
FNDA:16,(anonymous_5)
FNDA:2,EmptyState
FNDA:1,LoadingState
FNDA:1,ErrorState
FNDA:8,PreviewMediaBlock
FNDA:8,LoadedContent
FNDA:1,(anonymous_11)
FNDA:0,(anonymous_12)
FNDA:14,AssetQuickPreviewPane
DA:35,1
DA:53,1
DA:60,1
DA:68,1
DA:78,1
DA:81,8
DA:82,8
DA:83,0
DA:86,8
DA:88,8
DA:89,8
DA:90,40
DA:91,16
DA:98,8
DA:99,16
DA:100,0
DA:105,16
DA:106,8
DA:108,24
DA:111,8
DA:115,8
DA:119,16
DA:139,8
DA:140,8
DA:141,0
DA:143,8
DA:146,16
DA:170,2
DA:191,1
DA:201,1
DA:228,8
DA:229,8
DA:230,8
DA:265,8
DA:266,8
DA:268,8
DA:339,1
DA:348,0
DA:372,14
DA:373,2
DA:399,12
DA:400,2
DA:401,10
DA:402,1
DA:403,9
DA:404,1
DA:405,8
DA:406,8
DA:415,0
DA:418,12
LF:50
LH:45
BRDA:82,0,0,0
BRDA:82,0,1,8
BRDA:90,1,0,16
BRDA:90,1,1,24
BRDA:94,2,0,8
BRDA:94,2,1,8
BRDA:99,3,0,0
BRDA:99,3,1,16
BRDA:106,4,0,8
BRDA:106,4,1,0
BRDA:108,5,0,24
BRDA:108,5,1,16
BRDA:111,6,0,8
BRDA:111,6,1,0
BRDA:120,7,0,16
BRDA:120,7,1,8
BRDA:121,8,0,8
BRDA:121,8,1,8
BRDA:127,9,0,8
BRDA:127,9,1,8
BRDA:140,10,0,0
BRDA:140,10,1,8
BRDA:156,11,0,8
BRDA:156,11,1,8
BRDA:215,12,0,1
BRDA:215,12,1,0
BRDA:228,13,0,8
BRDA:228,13,1,0
BRDA:276,14,0,8
BRDA:276,14,1,0
BRDA:277,15,0,8
BRDA:277,15,1,8
BRDA:278,16,0,8
BRDA:278,16,1,0
BRDA:282,17,0,8
BRDA:282,17,1,8
BRDA:283,18,0,8
BRDA:283,18,1,0
BRDA:304,19,0,8
BRDA:304,19,1,0
BRDA:305,20,0,8
BRDA:305,20,1,0
BRDA:328,21,0,8
BRDA:328,21,1,0
BRDA:372,22,0,2
BRDA:372,22,1,12
BRDA:399,23,0,2
BRDA:399,23,1,10
BRDA:401,24,0,1
BRDA:401,24,1,9
BRDA:403,25,0,1
BRDA:403,25,1,8
BRDA:405,26,0,8
BRDA:405,26,1,0
BRF:54
BRH:40
end_of_record
TN:
SF:src/components/assets/AssetsFacetSidebar.tsx
FN:68,getCheckedValues
FN:70,(anonymous_1)
FN:71,(anonymous_2)
FN:75,isSwitchActive
FN:76,(anonymous_4)
FN:80,getInputValue
FN:81,(anonymous_6)
FN:88,CheckboxFacet
FN:104,(anonymous_8)
FN:118,(anonymous_9)
FN:119,(anonymous_10)
FN:120,(anonymous_11)
FN:131,InputFacet
FN:154,(anonymous_13)
FN:159,(anonymous_14)
FN:169,RangeFacet
FN:193,(anonymous_16)
FN:201,(anonymous_17)
FN:207,(anonymous_18)
FN:216,DateRangeFacet
FN:238,(anonymous_20)
FN:247,(anonymous_21)
FN:256,SwitchFacet
FN:273,(anonymous_23)
FN:292,AssetsFacetSidebar
FN:492,(anonymous_25)
FNF:26
FNH:19
FNDA:63,getCheckedValues
FNDA:11,(anonymous_1)
FNDA:4,(anonymous_2)
FNDA:10,isSwitchActive
FNDA:2,(anonymous_4)
FNDA:56,getInputValue
FNDA:8,(anonymous_6)
FNDA:60,CheckboxFacet
FNDA:283,(anonymous_8)
FNDA:2,(anonymous_9)
FNDA:1,(anonymous_10)
FNDA:1,(anonymous_11)
FNDA:53,InputFacet
FNDA:0,(anonymous_13)
FNDA:0,(anonymous_14)
FNDA:17,RangeFacet
FNDA:0,(anonymous_16)
FNDA:0,(anonymous_17)
FNDA:1,(anonymous_18)
FNDA:18,DateRangeFacet
FNDA:0,(anonymous_20)
FNDA:0,(anonymous_21)
FNDA:8,SwitchFacet
FNDA:1,(anonymous_23)
FNDA:10,AssetsFacetSidebar
FNDA:0,(anonymous_25)
DA:17,1
DA:21,1
DA:22,1
DA:31,1
DA:32,1
DA:33,1
DA:34,1
DA:35,1
DA:36,1
DA:38,1
DA:43,1
DA:69,63
DA:70,11
DA:71,4
DA:76,10
DA:81,56
DA:82,56
DA:83,2
DA:103,60
DA:104,60
DA:105,283
DA:106,283
DA:111,60
DA:119,2
DA:120,2
DA:121,2
DA:122,2
DA:144,53
DA:145,53
DA:155,0
DA:156,0
DA:160,0
DA:161,0
DA:182,17
DA:183,17
DA:193,0
DA:201,0
DA:207,1
DA:229,18
DA:230,18
DA:239,0
DA:240,0
DA:247,0
DA:267,8
DA:268,8
DA:273,1
DA:282,1
DA:306,10
DA:307,10
DA:308,0
DA:309,0
DA:310,0
DA:311,0
DA:312,0
DA:313,0
DA:315,0
DA:320,10
DA:489,10
DA:493,0
DA:495,0
DA:496,0
DA:497,0
DA:498,0
DA:499,0
DA:500,0
LF:65
LH:42
BRDA:71,0,0,1
BRDA:71,0,1,3
BRDA:82,1,0,54
BRDA:82,1,1,2
BRDA:83,2,0,1
BRDA:83,2,1,1
BRDA:83,3,0,1
BRDA:83,3,1,0
BRDA:107,4,0,0
BRDA:107,4,1,283
BRDA:156,5,0,0
BRDA:156,5,1,0
BRDA:160,6,0,0
BRDA:160,6,1,0
BRDA:160,7,0,0
BRDA:160,7,1,0
BRDA:182,8,0,17
BRDA:182,8,1,16
BRDA:193,9,0,0
BRDA:193,9,1,0
BRDA:201,10,0,0
BRDA:201,10,1,0
BRDA:229,11,0,18
BRDA:229,11,1,18
BRDA:240,12,0,0
BRDA:240,12,1,0
BRDA:240,13,0,0
BRDA:240,13,1,0
BRDA:307,14,0,0
BRDA:307,14,1,10
BRDA:310,15,0,0
BRDA:310,15,1,0
BRDA:310,16,0,0
BRDA:310,16,1,0
BRDA:493,17,0,0
BRDA:493,17,1,0
BRDA:499,18,0,0
BRDA:499,18,1,0
BRF:38
BRH:13
end_of_record
TN:
SF:src/components/assets/AssetsResultsPane.tsx
FN:32,(anonymous_0)
FN:37,(anonymous_1)
FN:41,(anonymous_2)
FN:51,(anonymous_3)
FN:55,(anonymous_4)
FN:61,(anonymous_5)
FN:65,(anonymous_6)
FN:67,(anonymous_7)
FN:71,(anonymous_8)
FN:73,(anonymous_9)
FN:77,(anonymous_10)
FN:79,(anonymous_11)
FN:83,(anonymous_12)
FN:85,(anonymous_13)
FN:88,(anonymous_14)
FN:92,(anonymous_15)
FN:96,(anonymous_16)
FN:98,(anonymous_17)
FN:102,(anonymous_18)
FN:108,(anonymous_19)
FN:117,(anonymous_20)
FN:121,(anonymous_21)
FN:123,(anonymous_22)
FN:127,(anonymous_23)
FN:130,(anonymous_24)
FN:134,(anonymous_25)
FN:140,buildColumns
FN:145,(anonymous_27)
FN:146,(anonymous_28)
FN:177,AssetsResultsPane
FN:280,(anonymous_30)
FN:283,(anonymous_31)
FN:284,(anonymous_32)
FN:290,(anonymous_33)
FN:307,(anonymous_34)
FN:308,(anonymous_35)
FNF:36
FNH:20
FNDA:10,(anonymous_0)
FNDA:10,(anonymous_1)
FNDA:0,(anonymous_2)
FNDA:0,(anonymous_3)
FNDA:0,(anonymous_4)
FNDA:9,(anonymous_5)
FNDA:9,(anonymous_6)
FNDA:0,(anonymous_7)
FNDA:0,(anonymous_8)
FNDA:0,(anonymous_9)
FNDA:0,(anonymous_10)
FNDA:10,(anonymous_11)
FNDA:10,(anonymous_12)
FNDA:9,(anonymous_13)
FNDA:9,(anonymous_14)
FNDA:9,(anonymous_15)
FNDA:9,(anonymous_16)
FNDA:0,(anonymous_17)
FNDA:0,(anonymous_18)
FNDA:0,(anonymous_19)
FNDA:0,(anonymous_20)
FNDA:0,(anonymous_21)
FNDA:0,(anonymous_22)
FNDA:0,(anonymous_23)
FNDA:9,(anonymous_24)
FNDA:9,(anonymous_25)
FNDA:10,buildColumns
FNDA:56,(anonymous_27)
FNDA:56,(anonymous_28)
FNDA:10,AssetsResultsPane
FNDA:20,(anonymous_30)
FNDA:20,(anonymous_31)
FNDA:1,(anonymous_32)
FNDA:0,(anonymous_33)
FNDA:20,(anonymous_34)
FNDA:0,(anonymous_35)
DA:15,1
DA:21,1
DA:31,1
DA:32,10
DA:38,10
DA:42,0
DA:43,0
DA:51,0
DA:56,0
DA:61,9
DA:65,9
DA:67,0
DA:71,0
DA:73,0
DA:77,0
DA:79,10
DA:83,10
DA:85,9
DA:89,9
DA:92,9
DA:96,9
DA:98,0
DA:103,0
DA:104,0
DA:109,0
DA:117,0
DA:121,0
DA:123,0
DA:128,0
DA:130,9
DA:134,9
DA:144,10
DA:145,56
DA:146,56
DA:199,10
DA:200,10
DA:201,10
DA:204,10
DA:205,0
DA:212,10
DA:213,0
DA:214,0
DA:225,10
DA:281,20
DA:283,20
DA:284,1
DA:291,0
DA:293,0
DA:294,0
DA:297,0
DA:298,0
DA:307,20
DA:308,0
LF:53
LH:28
BRDA:71,0,0,0
BRDA:71,0,1,0
BRDA:77,1,0,0
BRDA:77,1,1,0
BRDA:83,2,0,10
BRDA:83,2,1,0
BRDA:89,3,0,9
BRDA:89,3,1,0
BRDA:103,4,0,0
BRDA:103,4,1,0
BRDA:103,5,0,0
BRDA:103,5,1,0
BRDA:121,6,0,0
BRDA:121,6,1,0
BRDA:128,7,0,0
BRDA:128,7,1,0
BRDA:183,8,0,10
BRDA:204,9,0,0
BRDA:204,9,1,10
BRDA:212,10,0,0
BRDA:212,10,1,10
BRDA:212,11,0,10
BRDA:212,11,1,10
BRDA:213,12,0,0
BRDA:213,12,1,0
BRDA:238,13,0,1
BRDA:238,13,1,9
BRDA:243,14,0,10
BRDA:243,14,1,0
BRDA:281,15,0,2
BRDA:281,15,1,18
BRDA:294,16,0,0
BRDA:294,16,1,0
BRDA:298,17,0,0
BRDA:298,17,1,0
BRDA:307,18,0,2
BRDA:307,18,1,18
BRF:37
BRH:14
end_of_record
TN:
SF:src/components/assets/AssetsSearchBar.tsx
FN:49,splitRespectingQuotes
FN:81,parseOneToken
FN:113,tokenizeDraftText
FN:182,AssetsSearchBar
FN:189,(anonymous_4)
FN:203,(anonymous_5)
FN:221,(anonymous_6)
FN:224,(anonymous_7)
FNF:8
FNH:3
FNDA:11,splitRespectingQuotes
FNDA:24,parseOneToken
FNDA:7,tokenizeDraftText
FNDA:0,AssetsSearchBar
FNDA:0,(anonymous_4)
FNDA:0,(anonymous_5)
FNDA:0,(anonymous_6)
FNDA:0,(anonymous_7)
DA:11,1
DA:34,1
DA:50,11
DA:51,11
DA:52,11
DA:54,11
DA:55,215
DA:56,24
DA:57,2
DA:59,22
DA:61,191
DA:62,2
DA:63,189
DA:64,17
DA:65,12
DA:66,12
DA:69,172
DA:72,11
DA:73,11
DA:82,24
DA:83,123
DA:84,123
DA:85,17
DA:86,17
DA:87,17
DA:88,15
DA:99,9
DA:114,7
DA:115,7
DA:117,5
DA:118,5
DA:119,5
DA:121,5
DA:122,13
DA:123,13
DA:124,6
DA:127,7
DA:128,1
DA:135,1
DA:137,7
DA:142,5
DA:143,2
DA:152,5
DA:162,1
DA:189,0
DA:190,0
DA:191,0
DA:194,0
DA:204,0
DA:221,0
DA:224,0
LF:51
LH:44
BRDA:55,0,0,24
BRDA:55,0,1,191
BRDA:56,1,0,2
BRDA:56,1,1,22
BRDA:61,2,0,2
BRDA:61,2,1,189
BRDA:61,3,0,191
BRDA:61,3,1,190
BRDA:63,4,0,17
BRDA:63,4,1,172
BRDA:64,5,0,12
BRDA:64,5,1,5
BRDA:72,6,0,9
BRDA:72,6,1,2
BRDA:84,7,0,17
BRDA:84,7,1,106
BRDA:87,8,0,15
BRDA:87,8,1,2
BRDA:87,9,0,17
BRDA:87,9,1,16
BRDA:115,10,0,2
BRDA:115,10,1,5
BRDA:123,11,0,6
BRDA:123,11,1,7
BRDA:127,12,0,1
BRDA:127,12,1,6
BRDA:142,13,0,2
BRDA:142,13,1,3
BRDA:204,14,0,0
BRDA:204,14,1,0
BRF:30
BRH:28
end_of_record
TN:
SF:src/components/assets/BatchDeleteTagModal.tsx
FN:20,runWithConcurrency
FN:28,worker
FN:36,(anonymous_2)
FN:40,BatchDeleteTagModal
FN:54,(anonymous_4)
FN:60,(anonymous_5)
FN:61,(anonymous_6)
FN:65,(anonymous_7)
FN:75,(anonymous_8)
FN:86,(anonymous_9)
FN:86,(anonymous_10)
FN:95,(anonymous_11)
FN:133,(anonymous_12)
FNF:13
FNH:0
FNDA:0,runWithConcurrency
FNDA:0,worker
FNDA:0,(anonymous_2)
FNDA:0,BatchDeleteTagModal
FNDA:0,(anonymous_4)
FNDA:0,(anonymous_5)
FNDA:0,(anonymous_6)
FNDA:0,(anonymous_7)
FNDA:0,(anonymous_8)
FNDA:0,(anonymous_9)
FNDA:0,(anonymous_10)
FNDA:0,(anonymous_11)
FNDA:0,(anonymous_12)
DA:10,0
DA:25,0
DA:26,0
DA:29,0
DA:30,0
DA:31,0
DA:32,0
DA:36,0
DA:37,0
DA:46,0
DA:47,0
DA:48,0
DA:49,0
DA:50,0
DA:51,0
DA:54,0
DA:55,0
DA:56,0
DA:57,0
DA:60,0
DA:61,0
DA:65,0
DA:66,0
DA:67,0
DA:68,0
DA:69,0
DA:73,0
DA:75,0
DA:76,0
DA:78,0
DA:79,0
DA:81,0
DA:82,0
DA:83,0
DA:84,0
DA:86,0
DA:87,0
DA:88,0
DA:89,0
DA:91,0
DA:95,0
DA:96,0
DA:97,0
DA:100,0
DA:101,0
DA:104,0
DA:133,0
LF:47
LH:0
BRDA:55,0,0,0
BRDA:55,0,1,0
BRDA:66,1,0,0
BRDA:66,1,1,0
BRDA:73,2,0,0
BRDA:73,2,1,0
BRDA:76,3,0,0
BRDA:76,3,1,0
BRDA:110,4,0,0
BRDA:110,4,1,0
BRDA:138,5,0,0
BRDA:138,5,1,0
BRF:12
BRH:0
end_of_record
TN:
SF:src/components/assets/BatchTagModal.tsx
FN:27,runWithConcurrency
FN:35,worker
FN:43,(anonymous_2)
FN:47,BatchTagModal
FN:62,(anonymous_4)
FN:65,(anonymous_5)
FN:71,(anonymous_6)
FN:72,(anonymous_7)
FN:76,(anonymous_8)
FN:88,(anonymous_9)
FN:99,(anonymous_10)
FN:99,(anonymous_11)
FN:116,(anonymous_12)
FN:153,(anonymous_13)
FN:154,(anonymous_14)
FN:168,(anonymous_15)
FN:174,(anonymous_16)
FN:185,(anonymous_17)
FNF:18
FNH:0
FNDA:0,runWithConcurrency
FNDA:0,worker
FNDA:0,(anonymous_2)
FNDA:0,BatchTagModal
FNDA:0,(anonymous_4)
FNDA:0,(anonymous_5)
FNDA:0,(anonymous_6)
FNDA:0,(anonymous_7)
FNDA:0,(anonymous_8)
FNDA:0,(anonymous_9)
FNDA:0,(anonymous_10)
FNDA:0,(anonymous_11)
FNDA:0,(anonymous_12)
FNDA:0,(anonymous_13)
FNDA:0,(anonymous_14)
FNDA:0,(anonymous_15)
FNDA:0,(anonymous_16)
FNDA:0,(anonymous_17)
DA:9,0
DA:32,0
DA:33,0
DA:36,0
DA:37,0
DA:38,0
DA:39,0
DA:43,0
DA:44,0
DA:53,0
DA:54,0
DA:55,0
DA:56,0
DA:57,0
DA:58,0
DA:59,0
DA:60,0
DA:62,0
DA:65,0
DA:66,0
DA:67,0
DA:68,0
DA:71,0
DA:72,0
DA:76,0
DA:77,0
DA:78,0
DA:79,0
DA:80,0
DA:81,0
DA:82,0
DA:86,0
DA:88,0
DA:89,0
DA:91,0
DA:92,0
DA:94,0
DA:95,0
DA:96,0
DA:97,0
DA:99,0
DA:100,0
DA:102,0
DA:103,0
DA:104,0
DA:105,0
DA:106,0
DA:109,0
DA:110,0
DA:112,0
DA:116,0
DA:117,0
DA:118,0
DA:121,0
DA:122,0
DA:125,0
DA:153,0
DA:154,0
DA:168,0
DA:174,0
DA:185,0
LF:61
LH:0
BRDA:66,0,0,0
BRDA:66,0,1,0
BRDA:77,1,0,0
BRDA:77,1,1,0
BRDA:86,2,0,0
BRDA:86,2,1,0
BRDA:86,2,2,0
BRDA:89,3,0,0
BRDA:89,3,1,0
BRDA:89,4,0,0
BRDA:89,4,1,0
BRDA:102,5,0,0
BRDA:102,5,1,0
BRDA:104,6,0,0
BRDA:104,6,1,0
BRDA:104,7,0,0
BRDA:104,7,1,0
BRDA:104,7,2,0
BRDA:131,8,0,0
BRDA:131,8,1,0
BRDA:159,9,0,0
BRDA:159,9,1,0
BRDA:162,10,0,0
BRDA:162,10,1,0
BRDA:162,11,0,0
BRDA:162,11,1,0
BRDA:162,11,2,0
BRDA:166,12,0,0
BRDA:166,12,1,0
BRDA:192,13,0,0
BRDA:192,13,1,0
BRF:31
BRH:0
end_of_record
TN:
SF:src/components/assets/BulkActionBar.tsx
FN:33,BulkActionBar
FNF:1
FNH:1
FNDA:14,BulkActionBar
DA:16,1
DA:46,14
DA:48,13
LF:3
LH:3
BRDA:39,0,0,14
BRDA:46,1,0,1
BRDA:46,1,1,13
BRDA:65,2,0,0
BRDA:65,2,1,13
BRDA:71,3,0,0
BRDA:71,3,1,13
BRDA:80,4,0,14
BRDA:80,4,1,0
BRDA:92,5,0,14
BRDA:92,5,1,12
BRDA:92,5,2,10
BRDA:99,6,0,14
BRDA:99,6,1,2
BRF:14
BRH:11
end_of_record
TN:
SF:src/components/assets/ColumnsConfigPopover.tsx
FN:36,ColumnsConfigPopover
FN:42,(anonymous_1)
FN:46,(anonymous_2)
FN:47,(anonymous_3)
FN:50,(anonymous_4)
FN:54,(anonymous_5)
FN:61,(anonymous_6)
FN:65,(anonymous_7)
FNF:8
FNH:0
FNDA:0,ColumnsConfigPopover
FNDA:0,(anonymous_1)
FNDA:0,(anonymous_2)
FNDA:0,(anonymous_3)
FNDA:0,(anonymous_4)
FNDA:0,(anonymous_5)
FNDA:0,(anonymous_6)
FNDA:0,(anonymous_7)
DA:10,0
DA:42,0
DA:43,0
DA:45,0
DA:46,0
DA:47,0
DA:48,0
DA:50,0
DA:54,0
DA:55,0
DA:59,0
DA:62,0
DA:65,0
DA:82,0
LF:14
LH:0
BRDA:43,0,0,0
BRDA:43,0,1,0
BRDA:46,1,0,0
BRDA:46,1,1,0
BRF:4
BRH:0
end_of_record
TN:
SF:src/components/assets/ExportModal.tsx
FN:55,buildAlgoSummary
FN:75,escapeCsvField
FN:83,generateCsv
FN:85,(anonymous_3)
FN:107,generateJson
FN:112,triggerDownload
FN:125,fetchAllFiltered
FN:145,(anonymous_7)
FN:161,ExportModal
FN:175,(anonymous_9)
FN:190,(anonymous_10)
FN:234,(anonymous_11)
FN:257,(anonymous_12)
FNF:13
FNH:0
FNDA:0,buildAlgoSummary
FNDA:0,escapeCsvField
FNDA:0,generateCsv
FNDA:0,(anonymous_3)
FNDA:0,generateJson
FNDA:0,triggerDownload
FNDA:0,fetchAllFiltered
FNDA:0,(anonymous_7)
FNDA:0,ExportModal
FNDA:0,(anonymous_9)
FNDA:0,(anonymous_10)
FNDA:0,(anonymous_11)
FNDA:0,(anonymous_12)
DA:12,0
DA:32,0
DA:33,0
DA:34,0
DA:36,0
DA:56,0
DA:57,0
DA:58,0
DA:59,0
DA:60,0
DA:63,0
DA:64,0
DA:65,0
DA:66,0
DA:68,0
DA:69,0
DA:71,0
DA:76,0
DA:77,0
DA:79,0
DA:84,0
DA:85,0
DA:86,0
DA:101,0
DA:103,0
DA:108,0
DA:113,0
DA:114,0
DA:115,0
DA:116,0
DA:117,0
DA:118,0
DA:119,0
DA:120,0
DA:121,0
DA:130,0
DA:131,0
DA:132,0
DA:135,0
DA:136,0
DA:137,0
DA:139,0
DA:140,0
DA:145,0
DA:148,0
DA:149,0
DA:150,0
DA:151,0
DA:152,0
DA:156,0
DA:168,0
DA:169,0
DA:170,0
DA:171,0
DA:173,0
DA:175,0
DA:176,0
DA:177,0
DA:179,0
DA:182,0
DA:184,0
DA:190,0
DA:191,0
DA:195,0
DA:197,0
DA:198,0
DA:199,0
DA:201,0
DA:202,0
DA:205,0
DA:206,0
DA:208,0
DA:210,0
DA:211,0
DA:215,0
DA:234,0
DA:257,0
LF:77
LH:0
BRDA:56,0,0,0
BRDA:56,0,1,0
BRDA:59,1,0,0
BRDA:59,1,1,0
BRDA:60,2,0,0
BRDA:60,2,1,0
BRDA:66,3,0,0
BRDA:66,3,1,0
BRDA:69,4,0,0
BRDA:69,4,1,0
BRDA:76,5,0,0
BRDA:76,5,1,0
BRDA:76,6,0,0
BRDA:76,6,1,0
BRDA:76,6,2,0
BRDA:87,7,0,0
BRDA:87,7,1,0
BRDA:88,8,0,0
BRDA:88,8,1,0
BRDA:89,9,0,0
BRDA:89,9,1,0
BRDA:90,10,0,0
BRDA:90,10,1,0
BRDA:90,10,2,0
BRDA:91,11,0,0
BRDA:91,11,1,0
BRDA:92,12,0,0
BRDA:92,12,1,0
BRDA:93,13,0,0
BRDA:93,13,1,0
BRDA:94,14,0,0
BRDA:94,14,1,0
BRDA:95,15,0,0
BRDA:95,15,1,0
BRDA:96,16,0,0
BRDA:96,16,1,0
BRDA:98,17,0,0
BRDA:98,17,1,0
BRDA:99,18,0,0
BRDA:99,18,1,0
BRDA:182,19,0,0
BRDA:182,19,1,0
BRDA:197,20,0,0
BRDA:197,20,1,0
BRDA:221,21,0,0
BRDA:221,21,1,0
BRDA:242,22,0,0
BRDA:242,22,1,0
BRDA:266,23,0,0
BRDA:266,23,1,0
BRDA:266,23,2,0
BRF:51
BRH:0
end_of_record
TN:
SF:src/components/assets/ResultsEmptyState.tsx
FN:27,ResultsEmptyState
FNF:1
FNH:0
FNDA:0,ResultsEmptyState
DA:13,1
DA:34,0
DA:35,0
DA:51,0
DA:52,0
DA:80,0
LF:6
LH:1
BRDA:30,0,0,0
BRDA:34,1,0,0
BRDA:34,1,1,0
BRDA:39,2,0,0
BRDA:39,2,1,0
BRDA:41,3,0,0
BRDA:41,3,1,0
BRDA:51,4,0,0
BRDA:51,4,1,0
BRDA:57,5,0,0
BRDA:57,5,1,0
BRDA:65,6,0,0
BRDA:65,6,1,0
BRDA:68,7,0,0
BRDA:68,7,1,0
BRF:15
BRH:0
end_of_record
TN:
SF:src/components/assets/SaveViewDialog.tsx
FN:13,SaveViewDialog
FN:20,(anonymous_1)
FN:27,(anonymous_2)
FN:46,(anonymous_3)
FNF:4
FNH:0
FNDA:0,SaveViewDialog
FNDA:0,(anonymous_1)
FNDA:0,(anonymous_2)
FNDA:0,(anonymous_3)
DA:18,0
DA:20,0
DA:21,0
DA:22,0
DA:23,0
DA:24,0
DA:27,0
DA:28,0
DA:29,0
DA:32,0
DA:46,0
LF:11
LH:0
BRDA:22,0,0,0
BRDA:22,0,1,0
BRF:2
BRH:0
end_of_record
TN:
SF:src/components/assets/SavedViewSelector.tsx
FN:16,SavedViewSelector
FN:32,(anonymous_1)
FN:40,(anonymous_2)
FN:49,(anonymous_3)
FNF:4
FNH:0
FNDA:0,SavedViewSelector
FNDA:0,(anonymous_1)
FNDA:0,(anonymous_2)
FNDA:0,(anonymous_3)
DA:23,0
DA:32,0
DA:41,0
DA:42,0
DA:49,0
LF:5
LH:0
BRDA:26,0,0,0
BRDA:26,0,1,0
BRDA:37,1,0,0
BRDA:37,1,1,0
BRF:4
BRH:0
end_of_record
TN:
SF:src/components/deliveries/CreateDeliveryModal.tsx
FN:12,CreateDeliveryModal
FN:22,(anonymous_1)
FN:55,(anonymous_2)
FNF:3
FNH:0
FNDA:0,CreateDeliveryModal
FNDA:0,(anonymous_1)
FNDA:0,(anonymous_2)
DA:18,0
DA:19,0
DA:20,0
DA:22,0
DA:23,0
DA:24,0
DA:25,0
DA:27,0
DA:28,0
DA:39,0
DA:40,0
DA:41,0
DA:43,0
DA:44,0
DA:45,0
DA:48,0
DA:51,0
DA:55,0
DA:56,0
DA:57,0
DA:60,0
LF:21
LH:0
BRDA:31,0,0,0
BRDA:31,0,1,0
BRDA:32,1,0,0
BRDA:32,1,1,0
BRDA:33,2,0,0
BRDA:33,2,1,0
BRDA:34,3,0,0
BRDA:34,3,1,0
BRDA:43,4,0,0
BRDA:43,4,1,0
BRDA:45,5,0,0
BRDA:45,5,1,0
BRDA:72,6,0,0
BRDA:72,6,1,0
BRF:14
BRH:0
end_of_record
TN:
SF:src/components/mcap/McapDetailDrawer.tsx
FN:19,formatBytes
FN:27,formatNs
FN:33,algoSummary
FN:43,(anonymous_3)
FN:56,McapDetailDrawer
FN:61,(anonymous_5)
FN:76,(anonymous_6)
FN:94,(anonymous_7)
FN:95,(anonymous_8)
FN:103,(anonymous_9)
FN:110,(anonymous_10)
FN:116,(anonymous_11)
FN:122,(anonymous_12)
FN:128,(anonymous_13)
FN:183,(anonymous_14)
FN:261,(anonymous_15)
FN:263,(anonymous_16)
FNF:17
FNH:0
FNDA:0,formatBytes
FNDA:0,formatNs
FNDA:0,algoSummary
FNDA:0,(anonymous_3)
FNDA:0,McapDetailDrawer
FNDA:0,(anonymous_5)
FNDA:0,(anonymous_6)
FNDA:0,(anonymous_7)
FNDA:0,(anonymous_8)
FNDA:0,(anonymous_9)
FNDA:0,(anonymous_10)
FNDA:0,(anonymous_11)
FNDA:0,(anonymous_12)
FNDA:0,(anonymous_13)
FNDA:0,(anonymous_14)
FNDA:0,(anonymous_15)
FNDA:0,(anonymous_16)
DA:15,0
DA:20,0
DA:21,0
DA:22,0
DA:23,0
DA:24,0
DA:28,0
DA:29,0
DA:34,0
DA:35,0
DA:36,0
DA:37,0
DA:38,0
DA:41,0
DA:42,0
DA:43,0
DA:57,0
DA:58,0
DA:59,0
DA:61,0
DA:62,0
DA:63,0
DA:64,0
DA:68,0
DA:70,0
DA:72,0
DA:76,0
DA:77,0
DA:78,0
DA:80,0
DA:81,0
DA:85,0
DA:89,0
DA:95,0
DA:104,0
DA:110,0
DA:116,0
DA:122,0
DA:128,0
DA:132,0
DA:183,0
DA:261,0
DA:264,0
DA:265,0
LF:44
LH:0
BRDA:20,0,0,0
BRDA:20,0,1,0
BRDA:20,1,0,0
BRDA:20,1,1,0
BRDA:21,2,0,0
BRDA:21,2,1,0
BRDA:22,3,0,0
BRDA:22,3,1,0
BRDA:23,4,0,0
BRDA:23,4,1,0
BRDA:28,5,0,0
BRDA:28,5,1,0
BRDA:34,6,0,0
BRDA:34,6,1,0
BRDA:37,7,0,0
BRDA:37,7,1,0
BRDA:38,8,0,0
BRDA:38,8,1,0
BRDA:41,9,0,0
BRDA:41,9,1,0
BRDA:68,10,0,0
BRDA:68,10,1,0
BRDA:77,11,0,0
BRDA:77,11,1,0
BRDA:77,12,0,0
BRDA:77,12,1,0
BRDA:80,13,0,0
BRDA:80,13,1,0
BRDA:85,14,0,0
BRDA:85,14,1,0
BRDA:104,15,0,0
BRDA:104,15,1,0
BRDA:116,16,0,0
BRDA:116,16,1,0
BRDA:128,17,0,0
BRDA:128,17,1,0
BRDA:140,18,0,0
BRDA:140,18,1,0
BRDA:155,19,0,0
BRDA:155,19,1,0
BRDA:175,20,0,0
BRDA:175,20,1,0
BRDA:177,21,0,0
BRDA:177,21,1,0
BRDA:194,22,0,0
BRDA:194,22,1,0
BRDA:200,23,0,0
BRDA:200,23,1,0
BRDA:202,24,0,0
BRDA:202,24,1,0
BRDA:207,25,0,0
BRDA:207,25,1,0
BRDA:211,26,0,0
BRDA:211,26,1,0
BRDA:214,27,0,0
BRDA:214,27,1,0
BRDA:217,28,0,0
BRDA:217,28,1,0
BRDA:226,29,0,0
BRDA:226,29,1,0
BRDA:231,30,0,0
BRDA:231,30,1,0
BRDA:239,31,0,0
BRDA:239,31,1,0
BRF:64
BRH:0
end_of_record
TN:
SF:src/hooks/useAuth.ts
FN:5,useAuth
FN:6,(anonymous_1)
FN:8,(anonymous_2)
FN:13,(anonymous_3)
FNF:4
FNH:0
FNDA:0,useAuth
FNDA:0,(anonymous_1)
FNDA:0,(anonymous_2)
FNDA:0,(anonymous_3)
DA:3,0
DA:6,0
DA:8,0
DA:9,0
DA:10,0
DA:13,0
DA:14,0
DA:15,0
DA:18,0
LF:9
LH:0
BRDA:6,0,0,0
BRDA:6,0,1,0
BRF:2
BRH:0
end_of_record
TN:
SF:src/hooks/algo-matrix/useRetryAllFailed.ts
FN:23,collectFailedPairs
FN:39,runWithConcurrency
FN:47,worker
FN:56,(anonymous_3)
FN:61,useRetryAllFailed
FN:67,(anonymous_5)
FN:76,(anonymous_6)
FN:76,(anonymous_7)
FN:85,(anonymous_8)
FNF:9
FNH:1
FNDA:8,collectFailedPairs
FNDA:0,runWithConcurrency
FNDA:0,worker
FNDA:0,(anonymous_3)
FNDA:0,useRetryAllFailed
FNDA:0,(anonymous_5)
FNDA:0,(anonymous_6)
FNDA:0,(anonymous_7)
FNDA:0,(anonymous_8)
DA:27,8
DA:28,8
DA:29,8
DA:30,14
DA:31,6
DA:35,8
DA:44,0
DA:45,0
DA:48,0
DA:49,0
DA:50,0
DA:51,0
DA:55,0
DA:56,0
DA:58,0
DA:62,0
DA:63,0
DA:64,0
DA:66,0
DA:68,0
DA:69,0
DA:70,0
DA:72,0
DA:73,0
DA:74,0
DA:76,0
DA:77,0
DA:78,0
DA:79,0
DA:81,0
DA:85,0
DA:86,0
DA:87,0
DA:90,0
DA:91,0
DA:96,0
LF:36
LH:6
BRDA:30,0,0,6
BRDA:30,0,1,8
BRF:2
BRH:2
end_of_record
TN:
SF:src/hooks/assets/useAssetPreview.ts
FN:25,buildPlaceholderPreviewManifest
FN:63,useAssetPreview
FN:69,(anonymous_2)
FN:79,(anonymous_3)
FN:101,(anonymous_4)
FNF:5
FNH:0
FNDA:0,buildPlaceholderPreviewManifest
FNDA:0,useAssetPreview
FNDA:0,(anonymous_2)
FNDA:0,(anonymous_3)
FNDA:0,(anonymous_4)
DA:26,0
DA:27,0
DA:29,0
DA:30,0
DA:32,0
DA:33,0
DA:34,0
DA:35,0
DA:36,0
DA:37,0
DA:40,0
DA:67,0
DA:69,0
DA:71,0
DA:72,0
DA:75,0
DA:77,0
DA:79,0
DA:80,0
DA:82,0
DA:83,0
DA:85,0
DA:87,0
DA:89,0
DA:94,0
DA:95,0
DA:99,0
DA:101,0
DA:102,0
LF:29
LH:0
BRDA:26,0,0,0
BRDA:26,0,1,0
BRDA:27,1,0,0
BRDA:27,1,1,0
BRDA:32,2,0,0
BRDA:32,2,1,0
BRDA:35,3,0,0
BRDA:35,3,1,0
BRDA:41,4,0,0
BRDA:41,4,1,0
BRDA:42,5,0,0
BRDA:42,5,1,0
BRDA:71,6,0,0
BRDA:71,6,1,0
BRDA:75,7,0,0
BRDA:75,7,1,0
BRDA:85,8,0,0
BRDA:85,8,1,0
BRDA:94,9,0,0
BRDA:94,9,1,0
BRF:20
BRH:0
end_of_record
TN:
SF:src/hooks/assets/useAssetsDiscoveryReducer.ts
FN:23,deriveQueryKey
FN:26,(anonymous_1)
FN:36,buildFilterParams
FN:37,(anonymous_3)
FN:45,useAssetsDiscoveryReducer
FN:62,(anonymous_5)
FN:69,(anonymous_6)
FN:171,(anonymous_7)
FN:181,(anonymous_8)
FN:193,(anonymous_9)
FN:215,(anonymous_10)
FNF:11
FNH:0
FNDA:0,deriveQueryKey
FNDA:0,(anonymous_1)
FNDA:0,buildFilterParams
FNDA:0,(anonymous_3)
FNDA:0,useAssetsDiscoveryReducer
FNDA:0,(anonymous_5)
FNDA:0,(anonymous_6)
FNDA:0,(anonymous_7)
FNDA:0,(anonymous_8)
FNDA:0,(anonymous_9)
FNDA:0,(anonymous_10)
DA:24,0
DA:25,0
DA:26,0
DA:29,0
DA:37,0
DA:38,0
DA:39,0
DA:49,0
DA:55,0
DA:56,0
DA:62,0
DA:63,0
DA:65,0
DA:67,0
DA:69,0
DA:70,0
DA:72,0
DA:74,0
DA:78,0
DA:80,0
DA:86,0
DA:87,0
DA:90,0
DA:92,0
DA:103,0
DA:106,0
DA:112,0
DA:113,0
DA:117,0
DA:119,0
DA:130,0
DA:133,0
DA:134,0
DA:135,0
DA:141,0
DA:142,0
DA:143,0
DA:144,0
DA:154,0
DA:160,0
DA:169,0
DA:171,0
DA:172,0
DA:179,0
DA:181,0
DA:182,0
DA:185,0
DA:186,0
DA:189,0
DA:191,0
DA:193,0
DA:194,0
DA:196,0
DA:197,0
DA:199,0
DA:201,0
DA:203,0
DA:208,0
DA:209,0
DA:213,0
DA:215,0
DA:216,0
DA:220,0
LF:63
LH:0
BRDA:26,0,0,0
BRDA:26,0,1,0
BRDA:38,1,0,0
BRDA:38,1,1,0
BRDA:63,2,0,0
BRDA:63,2,1,0
BRDA:63,3,0,0
BRDA:63,3,1,0
BRDA:78,4,0,0
BRDA:78,4,1,0
BRDA:81,5,0,0
BRDA:81,5,1,0
BRDA:82,6,0,0
BRDA:82,6,1,0
BRDA:86,7,0,0
BRDA:86,7,1,0
BRDA:87,8,0,0
BRDA:87,8,1,0
BRDA:90,9,0,0
BRDA:90,9,1,0
BRDA:90,10,0,0
BRDA:90,10,1,0
BRDA:98,11,0,0
BRDA:98,11,1,0
BRDA:107,12,0,0
BRDA:107,12,1,0
BRDA:112,13,0,0
BRDA:112,13,1,0
BRDA:113,14,0,0
BRDA:113,14,1,0
BRDA:117,15,0,0
BRDA:117,15,1,0
BRDA:117,16,0,0
BRDA:117,16,1,0
BRDA:125,17,0,0
BRDA:125,17,1,0
BRDA:130,18,0,0
BRDA:130,18,1,0
BRDA:130,19,0,0
BRDA:130,19,1,0
BRDA:133,20,0,0
BRDA:133,20,1,0
BRDA:136,21,0,0
BRDA:136,21,1,0
BRDA:141,22,0,0
BRDA:141,22,1,0
BRDA:141,23,0,0
BRDA:141,23,1,0
BRDA:142,24,0,0
BRDA:142,24,1,0
BRDA:143,25,0,0
BRDA:143,25,1,0
BRDA:150,26,0,0
BRDA:150,26,1,0
BRDA:163,27,0,0
BRDA:163,27,1,0
BRDA:185,28,0,0
BRDA:185,28,1,0
BRDA:189,29,0,0
BRDA:189,29,1,0
BRDA:199,30,0,0
BRDA:199,30,1,0
BRDA:208,31,0,0
BRDA:208,31,1,0
BRF:64
BRH:0
end_of_record
TN:
SF:src/hooks/assets/useAssetsQuerySync.ts
FN:23,useAssetsQuerySync
FN:38,(anonymous_1)
FN:50,(anonymous_2)
FN:77,(anonymous_3)
FN:83,(anonymous_4)
FN:84,(anonymous_5)
FN:94,(anonymous_6)
FNF:7
FNH:7
FNDA:9,useAssetsQuerySync
FNDA:8,(anonymous_1)
FNDA:9,(anonymous_2)
FNDA:2,(anonymous_3)
FNDA:8,(anonymous_4)
FNDA:1,(anonymous_5)
FNDA:8,(anonymous_6)
DA:29,9
DA:32,9
DA:35,9
DA:38,9
DA:39,8
DA:40,8
DA:42,8
DA:43,8
DA:45,8
DA:46,8
DA:50,9
DA:51,9
DA:53,6
DA:54,6
DA:55,6
DA:58,9
DA:59,4
DA:60,4
DA:63,2
DA:67,2
DA:68,2
DA:69,1
DA:71,1
DA:74,2
DA:77,2
DA:78,2
DA:83,9
DA:84,8
DA:86,1
DA:88,1
DA:89,1
DA:90,1
DA:93,8
DA:94,8
LF:34
LH:34
BRDA:39,0,0,0
BRDA:39,0,1,8
BRDA:51,1,0,3
BRDA:51,1,1,6
BRDA:55,2,0,2
BRDA:55,2,1,4
BRDA:58,3,0,4
BRDA:58,3,1,5
BRDA:68,4,0,1
BRDA:68,4,1,1
BRDA:86,5,0,0
BRDA:86,5,1,1
BRF:12
BRH:10
end_of_record
TN:
SF:src/hooks/assets/useSavedViews.ts
FN:43,loadCustomViews
FN:49,(anonymous_1)
FN:55,persistCustomViews
FN:56,(anonymous_3)
FN:62,useSavedViews
FN:70,(anonymous_5)
FN:79,(anonymous_6)
FN:86,(anonymous_7)
FN:87,(anonymous_8)
FN:95,(anonymous_9)
FN:102,(anonymous_10)
FNF:11
FNH:0
FNDA:0,loadCustomViews
FNDA:0,(anonymous_1)
FNDA:0,persistCustomViews
FNDA:0,(anonymous_3)
FNDA:0,useSavedViews
FNDA:0,(anonymous_5)
FNDA:0,(anonymous_6)
FNDA:0,(anonymous_7)
FNDA:0,(anonymous_8)
FNDA:0,(anonymous_9)
FNDA:0,(anonymous_10)
DA:12,0
DA:16,0
DA:44,0
DA:45,0
DA:46,0
DA:47,0
DA:48,0
DA:49,0
DA:51,0
DA:56,0
DA:57,0
DA:66,0
DA:67,0
DA:70,0
DA:71,0
DA:72,0
DA:79,0
DA:80,0
DA:81,0
DA:85,0
DA:87,0
DA:88,0
DA:89,0
DA:94,0
DA:96,0
DA:101,0
DA:103,0
DA:108,0
LF:28
LH:0
BRDA:46,0,0,0
BRDA:46,0,1,0
BRDA:48,1,0,0
BRDA:48,1,1,0
BRDA:80,2,0,0
BRDA:80,2,1,0
BRDA:88,3,0,0
BRDA:88,3,1,0
BRF:8
BRH:0
end_of_record
TN:
SF:src/lib/algoStatus.ts
FN:9,normalizeStatus
FN:21,parseStatusFromRaw
FN:34,isFailedStatus
FN:48,getAlgoResultDetail
FN:84,getAlgoStatusFromResults
FNF:5
FNH:5
FNDA:10,normalizeStatus
FNDA:14,parseStatusFromRaw
FNDA:14,isFailedStatus
FNDA:14,getAlgoResultDetail
FNDA:14,getAlgoStatusFromResults
DA:10,10
DA:11,10
DA:12,7
DA:13,1
DA:14,0
DA:15,0
DA:16,0
DA:22,14
DA:23,10
DA:24,10
DA:25,10
DA:26,0
DA:28,0
DA:30,10
DA:35,14
DA:52,14
DA:53,14
DA:55,14
DA:56,14
DA:57,10
DA:58,10
DA:59,10
DA:60,1
DA:61,1
DA:62,1
DA:63,1
DA:64,1
DA:65,1
DA:66,1
DA:68,0
DA:71,9
DA:75,14
DA:76,14
DA:77,20
DA:78,0
DA:79,0
DA:81,14
DA:88,14
LF:38
LH:30
BRDA:11,0,0,3
BRDA:11,0,1,7
BRDA:11,1,0,10
BRDA:11,1,1,7
BRDA:12,2,0,6
BRDA:12,2,1,1
BRDA:12,3,0,7
BRDA:12,3,1,2
BRDA:13,4,0,1
BRDA:13,4,1,0
BRDA:14,5,0,0
BRDA:14,5,1,0
BRDA:15,6,0,0
BRDA:15,6,1,0
BRDA:22,7,0,4
BRDA:22,7,1,10
BRDA:25,8,0,0
BRDA:25,8,1,10
BRDA:25,9,0,10
BRDA:25,9,1,0
BRDA:25,9,2,0
BRDA:52,10,0,0
BRDA:52,10,1,14
BRDA:56,11,0,10
BRDA:56,11,1,4
BRDA:59,12,0,1
BRDA:59,12,1,0
BRDA:59,13,0,10
BRDA:59,13,1,1
BRDA:60,14,0,1
BRDA:60,14,1,0
BRDA:61,15,0,0
BRDA:61,15,1,1
BRDA:62,16,0,0
BRDA:62,16,1,1
BRDA:63,17,0,0
BRDA:63,17,1,1
BRDA:64,18,0,0
BRDA:64,18,1,1
BRDA:65,19,0,0
BRDA:65,19,1,1
BRDA:66,20,0,1
BRDA:66,20,1,0
BRDA:77,21,0,20
BRDA:77,21,1,0
BRDA:81,22,0,10
BRDA:81,22,1,4
BRF:47
BRH:29
end_of_record
TN:
SF:src/lib/apiError.ts
FN:16,isBackendErrorEnvelope
FN:22,extractApiErrorMessage
FNF:2
FNH:0
FNDA:0,isBackendErrorEnvelope
FNDA:0,extractApiErrorMessage
DA:17,0
DA:23,0
DA:24,0
DA:25,0
DA:26,0
DA:28,0
DA:29,0
DA:31,0
DA:32,0
DA:34,0
DA:35,0
DA:37,0
DA:39,0
DA:40,0
DA:42,0
LF:15
LH:0
BRDA:17,0,0,0
BRDA:17,0,1,0
BRDA:17,0,2,0
BRDA:22,1,0,0
BRDA:23,2,0,0
BRDA:23,2,1,0
BRDA:25,3,0,0
BRDA:25,3,1,0
BRDA:25,4,0,0
BRDA:25,4,1,0
BRDA:28,5,0,0
BRDA:28,5,1,0
BRDA:29,6,0,0
BRDA:29,6,1,0
BRDA:31,7,0,0
BRDA:31,7,1,0
BRDA:31,8,0,0
BRDA:31,8,1,0
BRDA:34,9,0,0
BRDA:34,9,1,0
BRDA:37,10,0,0
BRDA:37,10,1,0
BRDA:39,11,0,0
BRDA:39,11,1,0
BRDA:40,12,0,0
BRDA:40,12,1,0
BRF:26
BRH:0
end_of_record
TN:
SF:src/lib/assetPresentation.ts
FN:8,getDurationMs
FN:18,formatDurationSeconds
FN:24,getLifecycleState
FN:28,getAssetType
FN:32,getAssetStateColor
FNF:5
FNH:4
FNDA:17,getDurationMs
FNDA:17,formatDurationSeconds
FNDA:34,getLifecycleState
FNDA:0,getAssetType
FNDA:17,getAssetStateColor
DA:9,17
DA:10,17
DA:12,0
DA:13,0
DA:15,0
DA:19,17
DA:20,17
DA:21,17
DA:25,34
DA:29,0
DA:33,17
DA:34,17
DA:37,17
DA:42,0
DA:45,0
DA:47,0
DA:52,0
LF:17
LH:9
BRDA:9,0,0,17
BRDA:9,0,1,0
BRDA:9,1,0,17
BRDA:9,1,1,17
BRDA:12,2,0,0
BRDA:12,2,1,0
BRDA:12,3,0,0
BRDA:12,3,1,0
BRDA:18,4,0,17
BRDA:20,5,0,0
BRDA:20,5,1,17
BRDA:25,6,0,34
BRDA:25,6,1,0
BRDA:25,6,2,0
BRDA:29,7,0,0
BRDA:29,7,1,0
BRDA:29,7,2,0
BRDA:34,8,0,17
BRDA:34,8,1,17
BRDA:34,8,2,0
BRDA:34,8,3,0
BRDA:34,8,4,0
BRDA:34,8,5,0
BRDA:34,8,6,0
BRDA:34,8,7,0
BRDA:34,8,8,0
BRDA:34,8,9,0
BRDA:34,8,10,0
BRDA:34,8,11,0
BRDA:34,8,12,0
BRF:30
BRH:8
end_of_record
TN:
SF:src/lib/assets/assetsDiscoveryActions.ts
FN:95,createFilterChip
FN:108,createQueryToken
FNF:2
FNH:1
FNDA:10,createFilterChip
FNDA:0,createQueryToken
DA:101,10
DA:102,10
DA:113,0
LF:3
LH:2
BRF:0
BRH:0
end_of_record
TN:
SF:src/lib/assets/assetsDiscoveryReducer.ts
FN:16,withQueryReset
FN:26,assetsDiscoveryReducer
FN:71,(anonymous_2)
FN:109,(anonymous_3)
FN:129,(anonymous_4)
FN:204,(anonymous_5)
FN:207,(anonymous_6)
FN:233,(anonymous_7)
FN:267,(anonymous_8)
FN:284,(anonymous_9)
FN:472,(anonymous_10)
FN:480,(anonymous_11)
FN:495,(anonymous_12)
FNF:13
FNH:10
FNDA:17,withQueryReset
FNDA:34,assetsDiscoveryReducer
FNDA:0,(anonymous_2)
FNDA:0,(anonymous_3)
FNDA:1,(anonymous_4)
FNDA:1,(anonymous_5)
FNDA:1,(anonymous_6)
FNDA:1,(anonymous_7)
FNDA:1,(anonymous_8)
FNDA:5,(anonymous_9)
FNDA:2,(anonymous_10)
FNDA:1,(anonymous_11)
FNDA:0,(anonymous_12)
DA:17,17
DA:30,34
DA:34,1
DA:35,1
DA:44,0
DA:50,0
DA:58,0
DA:64,0
DA:70,0
DA:71,0
DA:74,0
DA:81,0
DA:88,0
DA:94,0
DA:100,0
DA:108,1
DA:109,0
DA:112,1
DA:120,3
DA:126,1
DA:129,1
DA:134,1
DA:141,1
DA:147,0
DA:154,0
DA:160,0
DA:166,0
DA:172,1
DA:178,5
DA:179,5
DA:202,2
DA:203,2
DA:204,1
DA:206,2
DA:207,1
DA:209,2
DA:216,0
DA:231,1
DA:232,1
DA:233,1
DA:235,1
DA:239,1
DA:243,1
DA:250,0
DA:265,1
DA:266,1
DA:267,1
DA:269,1
DA:270,1
DA:274,1
DA:281,2
DA:282,2
DA:283,2
DA:284,5
DA:286,2
DA:293,0
DA:301,0
DA:307,0
DA:321,0
DA:332,0
DA:340,3
DA:341,3
DA:342,3
DA:343,1
DA:345,2
DA:347,3
DA:357,1
DA:366,1
DA:375,0
DA:383,2
DA:394,0
DA:400,0
DA:411,0
DA:421,2
DA:430,0
DA:444,0
DA:453,1
DA:459,1
DA:471,2
DA:472,2
DA:474,2
DA:475,1
DA:480,1
DA:491,0
DA:496,0
DA:505,0
DA:514,0
DA:523,0
DA:534,2
DA:543,0
DA:553,0
DA:562,0
LF:92
LH:55
BRDA:30,0,0,1
BRDA:30,0,1,0
BRDA:30,0,2,0
BRDA:30,0,3,0
BRDA:30,0,4,0
BRDA:30,0,5,0
BRDA:30,0,6,0
BRDA:30,0,7,0
BRDA:30,0,8,0
BRDA:30,0,9,0
BRDA:30,0,10,1
BRDA:30,0,11,3
BRDA:30,0,12,1
BRDA:30,0,13,1
BRDA:30,0,14,1
BRDA:30,0,15,0
BRDA:30,0,16,0
BRDA:30,0,17,0
BRDA:30,0,18,0
BRDA:30,0,19,1
BRDA:30,0,20,5
BRDA:30,0,21,2
BRDA:30,0,22,0
BRDA:30,0,23,1
BRDA:30,0,24,0
BRDA:30,0,25,1
BRDA:30,0,26,2
BRDA:30,0,27,0
BRDA:30,0,28,0
BRDA:30,0,29,0
BRDA:30,0,30,0
BRDA:30,0,31,0
BRDA:30,0,32,3
BRDA:30,0,33,1
BRDA:30,0,34,1
BRDA:30,0,35,0
BRDA:30,0,36,2
BRDA:30,0,37,0
BRDA:30,0,38,0
BRDA:30,0,39,0
BRDA:30,0,40,2
BRDA:30,0,41,0
BRDA:30,0,42,0
BRDA:30,0,43,1
BRDA:30,0,44,2
BRDA:30,0,45,0
BRDA:30,0,46,0
BRDA:30,0,47,0
BRDA:30,0,48,0
BRDA:30,0,49,2
BRDA:30,0,50,0
BRDA:30,0,51,0
BRDA:30,0,52,0
BRDA:186,1,0,5
BRDA:186,1,1,4
BRDA:204,2,0,1
BRDA:204,2,1,1
BRDA:206,3,0,1
BRDA:206,3,1,1
BRDA:236,4,0,1
BRDA:236,4,1,0
BRDA:237,5,0,1
BRDA:237,5,1,0
BRDA:269,6,0,1
BRDA:269,6,1,0
BRDA:269,7,0,1
BRDA:269,7,1,0
BRDA:283,8,0,1
BRDA:283,8,1,1
BRDA:342,9,0,1
BRDA:342,9,1,2
BRDA:351,10,0,1
BRDA:351,10,1,2
BRDA:388,11,0,1
BRDA:388,11,1,1
BRDA:389,12,0,1
BRDA:389,12,1,1
BRDA:474,13,0,1
BRDA:474,13,1,1
BRDA:474,14,0,2
BRDA:474,14,1,2
BRDA:483,15,0,0
BRDA:483,15,1,1
BRDA:496,16,0,0
BRDA:496,16,1,0
BRDA:548,17,0,0
BRDA:548,17,1,0
BRF:87
BRH:45
end_of_record
TN:
SF:src/lib/assets/assetsDiscoveryTypes.ts
FNF:0
FNH:0
DA:167,3
DA:178,3
DA:188,3
LF:3
LH:3
BRF:0
BRH:0
end_of_record
TN:
SF:src/lib/assets/assetsDiscoveryUrl.ts
FN:20,arraysEqual
FN:32,serializeFilterChip
FN:41,parseFilterParam
FN:71,serializeQueryStateToUrl
FN:114,parseQueryStateFromUrl
FNF:5
FNH:5
FNDA:25,arraysEqual
FNDA:5,serializeFilterChip
FNDA:9,parseFilterParam
FNDA:25,serializeQueryStateToUrl
FNDA:26,parseQueryStateFromUrl
DA:12,2
DA:13,2
DA:14,2
DA:15,2
DA:16,2
DA:21,25
DA:22,23
DA:23,184
DA:25,23
DA:33,5
DA:34,5
DA:43,9
DA:44,9
DA:45,8
DA:46,8
DA:48,7
DA:49,7
DA:50,7
DA:52,7
DA:55,7
DA:57,9
DA:72,25
DA:74,25
DA:75,2
DA:78,25
DA:79,2
DA:82,25
DA:83,5
DA:86,25
DA:87,3
DA:90,25
DA:91,3
DA:94,25
DA:95,2
DA:98,25
DA:99,2
DA:102,25
DA:103,2
DA:106,25
DA:115,26
DA:117,26
DA:118,26
DA:119,2
DA:122,26
DA:123,26
DA:124,2
DA:127,26
DA:128,26
DA:129,5
DA:130,5
DA:131,9
DA:132,9
DA:134,5
DA:137,26
DA:138,26
DA:139,3
DA:142,26
DA:143,26
DA:144,7
DA:145,7
DA:146,5
DA:150,26
DA:151,26
DA:152,2
DA:153,2
DA:154,2
DA:158,26
DA:159,26
DA:160,2
DA:163,26
DA:164,26
DA:165,2
DA:168,26
LF:73
LH:73
BRDA:21,0,0,2
BRDA:21,0,1,23
BRDA:23,1,0,0
BRDA:23,1,1,184
BRDA:33,2,0,1
BRDA:33,2,1,4
BRDA:44,3,0,1
BRDA:44,3,1,8
BRDA:46,4,0,1
BRDA:46,4,1,7
BRDA:52,5,0,0
BRDA:52,5,1,7
BRDA:52,6,0,7
BRDA:52,6,1,7
BRDA:55,7,0,1
BRDA:55,7,1,6
BRDA:58,8,0,6
BRDA:58,8,1,1
BRDA:74,9,0,2
BRDA:74,9,1,23
BRDA:78,10,0,2
BRDA:78,10,1,23
BRDA:86,11,0,3
BRDA:86,11,1,22
BRDA:90,12,0,3
BRDA:90,12,1,22
BRDA:94,13,0,2
BRDA:94,13,1,23
BRDA:98,14,0,2
BRDA:98,14,1,23
BRDA:102,15,0,2
BRDA:102,15,1,23
BRDA:118,16,0,2
BRDA:118,16,1,24
BRDA:123,17,0,2
BRDA:123,17,1,24
BRDA:128,18,0,5
BRDA:128,18,1,21
BRDA:132,19,0,7
BRDA:132,19,1,2
BRDA:138,20,0,3
BRDA:138,20,1,23
BRDA:143,21,0,7
BRDA:143,21,1,19
BRDA:145,22,0,5
BRDA:145,22,1,2
BRDA:145,23,0,7
BRDA:145,23,1,6
BRDA:151,24,0,2
BRDA:151,24,1,24
BRDA:153,25,0,2
BRDA:153,25,1,0
BRDA:153,26,0,2
BRDA:153,26,1,2
BRDA:159,27,0,2
BRDA:159,27,1,24
BRDA:164,28,0,2
BRDA:164,28,1,24
BRF:58
BRH:55
end_of_record
TN:
SF:src/pages/AlgoProcessingPage.tsx
FN:21,AlgoProcessingPage
FN:34,(anonymous_1)
FN:35,(anonymous_2)
FN:41,(anonymous_3)
FN:55,(anonymous_4)
FN:63,(anonymous_5)
FN:64,(anonymous_6)
FN:70,(anonymous_7)
FN:78,(anonymous_8)
FN:122,(anonymous_9)
FN:142,(anonymous_10)
FNF:11
FNH:0
FNDA:0,AlgoProcessingPage
FNDA:0,(anonymous_1)
FNDA:0,(anonymous_2)
FNDA:0,(anonymous_3)
FNDA:0,(anonymous_4)
FNDA:0,(anonymous_5)
FNDA:0,(anonymous_6)
FNDA:0,(anonymous_7)
FNDA:0,(anonymous_8)
FNDA:0,(anonymous_9)
FNDA:0,(anonymous_10)
DA:11,0
DA:13,0
DA:22,0
DA:23,0
DA:24,0
DA:25,0
DA:26,0
DA:27,0
DA:28,0
DA:29,0
DA:31,0
DA:34,0
DA:35,0
DA:36,0
DA:41,0
DA:42,0
DA:43,0
DA:44,0
DA:45,0
DA:46,0
DA:47,0
DA:49,0
DA:51,0
DA:55,0
DA:56,0
DA:61,0
DA:64,0
DA:65,0
DA:66,0
DA:70,0
DA:71,0
DA:72,0
DA:76,0
DA:78,0
DA:79,0
DA:80,0
DA:81,0
DA:94,0
DA:122,0
DA:142,0
LF:40
LH:0
BRDA:46,0,0,0
BRDA:46,0,1,0
BRDA:61,1,0,0
BRDA:61,1,1,0
BRDA:79,2,0,0
BRDA:79,2,1,0
BRDA:101,3,0,0
BRDA:101,3,1,0
BRDA:130,4,0,0
BRDA:130,4,1,0
BRDA:133,5,0,0
BRDA:133,5,1,0
BRDA:136,6,0,0
BRDA:136,6,1,0
BRDA:147,7,0,0
BRDA:147,7,1,0
BRDA:147,8,0,0
BRDA:147,8,1,0
BRF:18
BRH:0
end_of_record
TN:
SF:src/pages/AnalyticsPage.tsx
FN:39,asRows
FN:43,DynamicTable
FN:44,(anonymous_2)
FN:45,(anonymous_3)
FN:46,(anonymous_4)
FN:51,(anonymous_5)
FN:63,(anonymous_6)
FN:72,QuestionPanel
FN:96,(anonymous_8)
FN:97,(anonymous_9)
FN:112,SyncStatusCard
FN:170,PgIcebergComparisonTable
FN:176,(anonymous_12)
FN:195,(anonymous_13)
FN:202,(anonymous_14)
FN:208,(anonymous_15)
FN:214,(anonymous_16)
FN:243,AnalyticsPage
FN:252,(anonymous_18)
FN:270,(anonymous_19)
FN:297,(anonymous_20)
FN:308,(anonymous_21)
FN:311,(anonymous_22)
FN:319,(anonymous_23)
FN:325,(anonymous_24)
FN:329,(anonymous_25)
FN:330,(anonymous_26)
FN:331,(anonymous_27)
FN:433,(anonymous_28)
FNF:29
FNH:0
FNDA:0,asRows
FNDA:0,DynamicTable
FNDA:0,(anonymous_2)
FNDA:0,(anonymous_3)
FNDA:0,(anonymous_4)
FNDA:0,(anonymous_5)
FNDA:0,(anonymous_6)
FNDA:0,QuestionPanel
FNDA:0,(anonymous_8)
FNDA:0,(anonymous_9)
FNDA:0,SyncStatusCard
FNDA:0,PgIcebergComparisonTable
FNDA:0,(anonymous_12)
FNDA:0,(anonymous_13)
FNDA:0,(anonymous_14)
FNDA:0,(anonymous_15)
FNDA:0,(anonymous_16)
FNDA:0,AnalyticsPage
FNDA:0,(anonymous_18)
FNDA:0,(anonymous_19)
FNDA:0,(anonymous_20)
FNDA:0,(anonymous_21)
FNDA:0,(anonymous_22)
FNDA:0,(anonymous_23)
FNDA:0,(anonymous_24)
FNDA:0,(anonymous_25)
FNDA:0,(anonymous_26)
FNDA:0,(anonymous_27)
FNDA:0,(anonymous_28)
DA:14,0
DA:16,0
DA:40,0
DA:44,0
DA:45,0
DA:46,0
DA:52,0
DA:53,0
DA:58,0
DA:60,0
DA:63,0
DA:81,0
DA:96,0
DA:98,0
DA:113,0
DA:114,0
DA:121,0
DA:122,0
DA:123,0
DA:124,0
DA:125,0
DA:126,0
DA:128,0
DA:171,0
DA:172,0
DA:175,0
DA:176,0
DA:184,0
DA:191,0
DA:196,0
DA:202,0
DA:208,0
DA:215,0
DA:216,0
DA:221,0
DA:235,0
DA:244,0
DA:245,0
DA:246,0
DA:247,0
DA:248,0
DA:249,0
DA:250,0
DA:252,0
DA:253,0
DA:254,0
DA:255,0
DA:260,0
DA:271,0
DA:272,0
DA:274,0
DA:277,0
DA:278,0
DA:280,0
DA:284,0
DA:285,0
DA:287,0
DA:291,0
DA:292,0
DA:295,0
DA:296,0
DA:297,0
DA:298,0
DA:299,0
DA:300,0
DA:302,0
DA:305,0
DA:306,0
DA:308,0
DA:311,0
DA:312,0
DA:315,0
DA:319,0
DA:325,0
DA:329,0
DA:330,0
DA:331,0
DA:333,0
DA:334,0
DA:341,0
DA:433,0
LF:81
LH:0
BRDA:40,0,0,0
BRDA:40,0,1,0
BRDA:52,1,0,0
BRDA:52,1,1,0
BRDA:52,2,0,0
BRDA:52,2,1,0
BRDA:52,2,2,0
BRDA:58,3,0,0
BRDA:58,3,1,0
BRDA:84,4,0,0
BRDA:84,4,1,0
BRDA:93,5,0,0
BRDA:93,5,1,0
BRDA:113,6,0,0
BRDA:113,6,1,0
BRDA:113,7,0,0
BRDA:113,7,1,0
BRDA:113,7,2,0
BRDA:122,8,0,0
BRDA:122,8,1,0
BRDA:123,9,0,0
BRDA:123,9,1,0
BRDA:124,10,0,0
BRDA:124,10,1,0
BRDA:171,11,0,0
BRDA:171,11,1,0
BRDA:171,12,0,0
BRDA:171,12,1,0
BRDA:196,13,0,0
BRDA:196,13,1,0
BRDA:215,14,0,0
BRDA:215,14,1,0
BRDA:216,15,0,0
BRDA:216,15,1,0
BRDA:216,16,0,0
BRDA:216,16,1,0
BRDA:271,17,0,0
BRDA:271,17,1,0
BRDA:277,18,0,0
BRDA:277,18,1,0
BRDA:278,19,0,0
BRDA:278,19,1,0
BRDA:284,20,0,0
BRDA:284,20,1,0
BRDA:291,21,0,0
BRDA:291,21,1,0
BRDA:291,22,0,0
BRDA:291,22,1,0
BRDA:299,23,0,0
BRDA:299,23,1,0
BRDA:329,24,0,0
BRDA:329,24,1,0
BRDA:330,25,0,0
BRDA:330,25,1,0
BRDA:331,26,0,0
BRDA:331,26,1,0
BRDA:333,27,0,0
BRDA:333,27,1,0
BRDA:358,28,0,0
BRDA:358,28,1,0
BRDA:368,29,0,0
BRDA:368,29,1,0
BRDA:371,30,0,0
BRDA:371,30,1,0
BRDA:373,31,0,0
BRDA:373,31,1,0
BRDA:376,32,0,0
BRDA:376,32,1,0
BRDA:377,33,0,0
BRDA:377,33,1,0
BRF:70
BRH:0
end_of_record
TN:
SF:src/pages/AssetDetailPage.tsx
FN:24,parseAlgoResults
FN:35,(anonymous_1)
FN:49,AssetDetailPage
FN:62,(anonymous_3)
FN:68,(anonymous_4)
FN:69,(anonymous_5)
FN:72,(anonymous_6)
FN:77,(anonymous_7)
FN:78,(anonymous_8)
FN:81,(anonymous_9)
FN:84,(anonymous_10)
FN:87,(anonymous_11)
FN:92,(anonymous_12)
FN:93,(anonymous_13)
FN:96,(anonymous_14)
FN:99,(anonymous_15)
FN:102,(anonymous_16)
FN:108,(anonymous_17)
FN:141,(anonymous_18)
FN:156,(anonymous_19)
FN:193,(anonymous_20)
FNF:21
FNH:0
FNDA:0,parseAlgoResults
FNDA:0,(anonymous_1)
FNDA:0,AssetDetailPage
FNDA:0,(anonymous_3)
FNDA:0,(anonymous_4)
FNDA:0,(anonymous_5)
FNDA:0,(anonymous_6)
FNDA:0,(anonymous_7)
FNDA:0,(anonymous_8)
FNDA:0,(anonymous_9)
FNDA:0,(anonymous_10)
FNDA:0,(anonymous_11)
FNDA:0,(anonymous_12)
FNDA:0,(anonymous_13)
FNDA:0,(anonymous_14)
FNDA:0,(anonymous_15)
FNDA:0,(anonymous_16)
FNDA:0,(anonymous_17)
FNDA:0,(anonymous_18)
FNDA:0,(anonymous_19)
FNDA:0,(anonymous_20)
DA:21,0
DA:25,0
DA:26,0
DA:27,0
DA:28,0
DA:29,0
DA:30,0
DA:31,0
DA:32,0
DA:33,0
DA:35,0
DA:50,0
DA:51,0
DA:52,0
DA:53,0
DA:54,0
DA:55,0
DA:56,0
DA:57,0
DA:58,0
DA:59,0
DA:60,0
DA:62,0
DA:63,0
DA:64,0
DA:65,0
DA:68,0
DA:69,0
DA:72,0
DA:73,0
DA:74,0
DA:75,0
DA:78,0
DA:79,0
DA:82,0
DA:84,0
DA:87,0
DA:88,0
DA:89,0
DA:90,0
DA:93,0
DA:94,0
DA:97,0
DA:99,0
DA:102,0
DA:103,0
DA:104,0
DA:105,0
DA:108,0
DA:109,0
DA:112,0
DA:113,0
DA:119,0
DA:120,0
DA:123,0
DA:125,0
DA:142,0
DA:157,0
DA:185,0
DA:193,0
LF:60
LH:0
BRDA:25,0,0,0
BRDA:25,0,1,0
BRDA:29,1,0,0
BRDA:29,1,1,0
BRDA:32,2,0,0
BRDA:32,2,1,0
BRDA:38,3,0,0
BRDA:38,3,1,0
BRDA:39,4,0,0
BRDA:39,4,1,0
BRDA:40,5,0,0
BRDA:40,5,1,0
BRDA:63,6,0,0
BRDA:63,6,1,0
BRDA:73,7,0,0
BRDA:73,7,1,0
BRDA:78,8,0,0
BRDA:78,8,1,0
BRDA:78,9,0,0
BRDA:78,9,1,0
BRDA:78,10,0,0
BRDA:78,10,1,0
BRDA:79,11,0,0
BRDA:79,11,1,0
BRDA:82,12,0,0
BRDA:82,12,1,0
BRDA:88,13,0,0
BRDA:88,13,1,0
BRDA:91,14,0,0
BRDA:91,14,1,0
BRDA:93,15,0,0
BRDA:93,15,1,0
BRDA:93,16,0,0
BRDA:93,16,1,0
BRDA:93,17,0,0
BRDA:93,17,1,0
BRDA:94,18,0,0
BRDA:94,18,1,0
BRDA:97,19,0,0
BRDA:97,19,1,0
BRDA:112,20,0,0
BRDA:112,20,1,0
BRDA:119,21,0,0
BRDA:119,21,1,0
BRDA:142,22,0,0
BRDA:142,22,1,0
BRDA:157,23,0,0
BRDA:157,23,1,0
BRDA:168,24,0,0
BRDA:168,24,1,0
BRDA:181,25,0,0
BRDA:181,25,1,0
BRDA:199,26,0,0
BRDA:199,26,1,0
BRF:54
BRH:0
end_of_record
TN:
SF:src/pages/AssetsPage.tsx
FN:30,AssetsPage
FN:45,(anonymous_1)
FN:48,(anonymous_2)
FN:49,(anonymous_3)
FN:51,(anonymous_4)
FN:55,(anonymous_5)
FN:61,(anonymous_6)
FN:104,(anonymous_7)
FN:126,(anonymous_8)
FN:128,(anonymous_9)
FN:154,(anonymous_10)
FN:157,(anonymous_11)
FN:160,(anonymous_12)
FN:170,(anonymous_13)
FN:173,(anonymous_14)
FN:182,(anonymous_15)
FN:183,(anonymous_16)
FN:190,(anonymous_17)
FN:193,(anonymous_18)
FN:206,(anonymous_19)
FN:222,(anonymous_20)
FN:225,(anonymous_21)
FN:228,(anonymous_22)
FN:231,(anonymous_23)
FN:234,(anonymous_24)
FN:237,(anonymous_25)
FN:250,(anonymous_26)
FN:251,(anonymous_27)
FN:252,(anonymous_28)
FN:253,(anonymous_29)
FN:254,(anonymous_30)
FN:255,(anonymous_31)
FN:256,(anonymous_32)
FN:273,(anonymous_33)
FN:276,(anonymous_34)
FN:279,(anonymous_35)
FN:282,(anonymous_36)
FN:288,(anonymous_37)
FN:289,(anonymous_38)
FN:290,(anonymous_39)
FN:300,(anonymous_40)
FN:303,(anonymous_41)
FN:326,(anonymous_42)
FN:327,(anonymous_43)
FN:328,(anonymous_44)
FN:329,(anonymous_45)
FN:334,(anonymous_46)
FN:347,(anonymous_47)
FN:348,(anonymous_48)
FN:358,(anonymous_49)
FN:359,(anonymous_50)
FN:368,(anonymous_51)
FN:369,(anonymous_52)
FN:381,(anonymous_53)
FN:383,(anonymous_54)
FN:390,(anonymous_55)
FN:397,(anonymous_56)
FN:402,(anonymous_57)
FNF:58
FNH:0
FNDA:0,AssetsPage
FNDA:0,(anonymous_1)
FNDA:0,(anonymous_2)
FNDA:0,(anonymous_3)
FNDA:0,(anonymous_4)
FNDA:0,(anonymous_5)
FNDA:0,(anonymous_6)
FNDA:0,(anonymous_7)
FNDA:0,(anonymous_8)
FNDA:0,(anonymous_9)
FNDA:0,(anonymous_10)
FNDA:0,(anonymous_11)
FNDA:0,(anonymous_12)
FNDA:0,(anonymous_13)
FNDA:0,(anonymous_14)
FNDA:0,(anonymous_15)
FNDA:0,(anonymous_16)
FNDA:0,(anonymous_17)
FNDA:0,(anonymous_18)
FNDA:0,(anonymous_19)
FNDA:0,(anonymous_20)
FNDA:0,(anonymous_21)
FNDA:0,(anonymous_22)
FNDA:0,(anonymous_23)
FNDA:0,(anonymous_24)
FNDA:0,(anonymous_25)
FNDA:0,(anonymous_26)
FNDA:0,(anonymous_27)
FNDA:0,(anonymous_28)
FNDA:0,(anonymous_29)
FNDA:0,(anonymous_30)
FNDA:0,(anonymous_31)
FNDA:0,(anonymous_32)
FNDA:0,(anonymous_33)
FNDA:0,(anonymous_34)
FNDA:0,(anonymous_35)
FNDA:0,(anonymous_36)
FNDA:0,(anonymous_37)
FNDA:0,(anonymous_38)
FNDA:0,(anonymous_39)
FNDA:0,(anonymous_40)
FNDA:0,(anonymous_41)
FNDA:0,(anonymous_42)
FNDA:0,(anonymous_43)
FNDA:0,(anonymous_44)
FNDA:0,(anonymous_45)
FNDA:0,(anonymous_46)
FNDA:0,(anonymous_47)
FNDA:0,(anonymous_48)
FNDA:0,(anonymous_49)
FNDA:0,(anonymous_50)
FNDA:0,(anonymous_51)
FNDA:0,(anonymous_52)
FNDA:0,(anonymous_53)
FNDA:0,(anonymous_54)
FNDA:0,(anonymous_55)
FNDA:0,(anonymous_56)
FNDA:0,(anonymous_57)
DA:28,0
DA:31,0
DA:32,0
DA:33,0
DA:34,0
DA:35,0
DA:36,0
DA:37,0
DA:38,0
DA:39,0
DA:40,0
DA:41,0
DA:45,0
DA:46,0
DA:48,0
DA:49,0
DA:50,0
DA:51,0
DA:55,0
DA:56,0
DA:60,0
DA:62,0
DA:63,0
DA:66,0
DA:67,0
DA:68,0
DA:71,0
DA:72,0
DA:76,0
DA:77,0
DA:78,0
DA:79,0
DA:80,0
DA:84,0
DA:87,0
DA:88,0
DA:89,0
DA:90,0
DA:91,0
DA:93,0
DA:97,0
DA:99,0
DA:100,0
DA:102,0
DA:103,0
DA:104,0
DA:108,0
DA:109,0
DA:111,0
DA:114,0
DA:115,0
DA:116,0
DA:117,0
DA:126,0
DA:127,0
DA:128,0
DA:132,0
DA:133,0
DA:134,0
DA:138,0
DA:155,0
DA:158,0
DA:161,0
DA:170,0
DA:174,0
DA:182,0
DA:183,0
DA:191,0
DA:193,0
DA:207,0
DA:208,0
DA:223,0
DA:226,0
DA:229,0
DA:232,0
DA:235,0
DA:238,0
DA:250,0
DA:251,0
DA:252,0
DA:253,0
DA:254,0
DA:255,0
DA:256,0
DA:274,0
DA:277,0
DA:280,0
DA:283,0
DA:288,0
DA:289,0
DA:291,0
DA:301,0
DA:304,0
DA:326,0
DA:327,0
DA:330,0
DA:331,0
DA:332,0
DA:334,0
DA:335,0
DA:347,0
DA:349,0
DA:350,0
DA:351,0
DA:358,0
DA:360,0
DA:361,0
DA:368,0
DA:370,0
DA:371,0
DA:382,0
DA:383,0
DA:385,0
DA:390,0
DA:398,0
DA:399,0
DA:400,0
DA:402,0
LF:118
LH:0
BRDA:46,0,0,0
BRDA:46,0,1,0
BRDA:63,1,0,0
BRDA:63,1,1,0
BRDA:63,1,2,0
BRDA:66,2,0,0
BRDA:66,2,1,0
BRDA:66,3,0,0
BRDA:66,3,1,0
BRDA:76,4,0,0
BRDA:76,4,1,0
BRDA:84,5,0,0
BRDA:84,5,1,0
BRDA:87,6,0,0
BRDA:87,6,1,0
BRDA:89,7,0,0
BRDA:89,7,1,0
BRDA:97,8,0,0
BRDA:97,8,1,0
BRDA:97,9,0,0
BRDA:97,9,1,0
BRDA:100,10,0,0
BRDA:100,10,1,0
BRDA:103,11,0,0
BRDA:103,11,1,0
BRDA:108,12,0,0
BRDA:108,12,1,0
BRDA:109,13,0,0
BRDA:109,13,1,0
BRDA:111,14,0,0
BRDA:111,14,1,0
BRDA:115,15,0,0
BRDA:115,15,1,0
BRDA:115,16,0,0
BRDA:115,16,1,0
BRDA:134,17,0,0
BRDA:134,17,1,0
BRDA:200,18,0,0
BRDA:200,18,1,0
BRDA:204,19,0,0
BRDA:204,19,1,0
BRDA:312,20,0,0
BRDA:312,20,1,0
BRDA:315,21,0,0
BRDA:315,21,1,0
BRDA:331,22,0,0
BRDA:331,22,1,0
BRDA:380,23,0,0
BRDA:380,23,1,0
BRDA:382,24,0,0
BRDA:382,24,1,0
BRDA:406,25,0,0
BRDA:406,25,1,0
BRF:53
BRH:0
end_of_record
TN:
SF:src/pages/DashboardPage.tsx
FN:27,extractAlgoStatuses
FN:39,KpiCard
FN:105,deriveFromSampling
FN:112,(anonymous_3)
FN:114,(anonymous_4)
FN:115,(anonymous_5)
FN:116,(anonymous_6)
FN:132,DashboardPage
FN:138,(anonymous_8)
FN:141,(anonymous_9)
FN:144,(anonymous_10)
FN:145,(anonymous_11)
FN:163,(anonymous_12)
FN:170,(anonymous_13)
FN:171,(anonymous_14)
FN:179,(anonymous_15)
FN:181,(anonymous_16)
FN:182,(anonymous_17)
FN:188,(anonymous_18)
FN:242,(anonymous_19)
FN:251,(anonymous_20)
FN:261,(anonymous_21)
FN:271,(anonymous_22)
FN:281,(anonymous_23)
FN:294,(anonymous_24)
FN:339,(anonymous_25)
FN:371,(anonymous_26)
FN:387,(anonymous_27)
FN:388,(anonymous_28)
FN:397,(anonymous_29)
FN:405,(anonymous_30)
FN:412,(anonymous_31)
FN:417,(anonymous_32)
FN:422,(anonymous_33)
FN:435,(anonymous_34)
FNF:35
FNH:0
FNDA:0,extractAlgoStatuses
FNDA:0,KpiCard
FNDA:0,deriveFromSampling
FNDA:0,(anonymous_3)
FNDA:0,(anonymous_4)
FNDA:0,(anonymous_5)
FNDA:0,(anonymous_6)
FNDA:0,DashboardPage
FNDA:0,(anonymous_8)
FNDA:0,(anonymous_9)
FNDA:0,(anonymous_10)
FNDA:0,(anonymous_11)
FNDA:0,(anonymous_12)
FNDA:0,(anonymous_13)
FNDA:0,(anonymous_14)
FNDA:0,(anonymous_15)
FNDA:0,(anonymous_16)
FNDA:0,(anonymous_17)
FNDA:0,(anonymous_18)
FNDA:0,(anonymous_19)
FNDA:0,(anonymous_20)
FNDA:0,(anonymous_21)
FNDA:0,(anonymous_22)
FNDA:0,(anonymous_23)
FNDA:0,(anonymous_24)
FNDA:0,(anonymous_25)
FNDA:0,(anonymous_26)
FNDA:0,(anonymous_27)
FNDA:0,(anonymous_28)
FNDA:0,(anonymous_29)
FNDA:0,(anonymous_30)
FNDA:0,(anonymous_31)
FNDA:0,(anonymous_32)
FNDA:0,(anonymous_33)
FNDA:0,(anonymous_34)
DA:21,0
DA:23,0
DA:28,0
DA:29,0
DA:30,0
DA:31,0
DA:32,0
DA:35,0
DA:51,0
DA:106,0
DA:107,0
DA:108,0
DA:109,0
DA:112,0
DA:113,0
DA:114,0
DA:115,0
DA:116,0
DA:119,0
DA:133,0
DA:134,0
DA:135,0
DA:136,0
DA:138,0
DA:139,0
DA:141,0
DA:142,0
DA:144,0
DA:145,0
DA:147,0
DA:148,0
DA:152,0
DA:153,0
DA:156,0
DA:158,0
DA:162,0
DA:163,0
DA:166,0
DA:171,0
DA:180,0
DA:181,0
DA:182,0
DA:188,0
DA:192,0
DA:193,0
DA:200,0
DA:201,0
DA:214,0
DA:216,0
DA:242,0
DA:251,0
DA:261,0
DA:271,0
DA:281,0
DA:295,0
DA:339,0
DA:371,0
DA:388,0
DA:398,0
DA:405,0
DA:412,0
DA:418,0
DA:419,0
DA:420,0
DA:423,0
DA:436,0
LF:66
LH:0
BRDA:28,0,0,0
BRDA:28,0,1,0
BRDA:31,1,0,0
BRDA:31,1,1,0
BRDA:55,2,0,0
BRDA:55,2,1,0
BRDA:64,3,0,0
BRDA:64,3,1,0
BRDA:67,4,0,0
BRDA:67,4,1,0
BRDA:69,5,0,0
BRDA:69,5,1,0
BRDA:71,6,0,0
BRDA:71,6,1,0
BRDA:72,7,0,0
BRDA:72,7,1,0
BRDA:80,8,0,0
BRDA:80,8,1,0
BRDA:84,9,0,0
BRDA:84,9,1,0
BRDA:109,10,0,0
BRDA:109,10,1,0
BRDA:113,11,0,0
BRDA:113,11,1,0
BRDA:114,12,0,0
BRDA:114,12,1,0
BRDA:144,13,0,0
BRDA:144,13,1,0
BRDA:152,14,0,0
BRDA:152,14,1,0
BRDA:153,15,0,0
BRDA:153,15,1,0
BRDA:153,16,0,0
BRDA:153,16,1,0
BRDA:156,17,0,0
BRDA:156,17,1,0
BRDA:158,18,0,0
BRDA:158,18,1,0
BRDA:192,19,0,0
BRDA:192,19,1,0
BRDA:200,20,0,0
BRDA:200,20,1,0
BRDA:225,21,0,0
BRDA:225,21,1,0
BRDA:249,22,0,0
BRDA:249,22,1,0
BRDA:262,23,0,0
BRDA:262,23,1,0
BRDA:262,24,0,0
BRDA:262,24,1,0
BRDA:313,25,0,0
BRDA:313,25,1,0
BRDA:316,26,0,0
BRDA:316,26,1,0
BRDA:338,27,0,0
BRDA:338,27,1,0
BRDA:344,28,0,0
BRDA:344,28,1,0
BRDA:346,29,0,0
BRDA:346,29,1,0
BRDA:398,30,0,0
BRDA:398,30,1,0
BRDA:412,31,0,0
BRDA:412,31,1,0
BRDA:419,32,0,0
BRDA:419,32,1,0
BRF:66
BRH:0
end_of_record
TN:
SF:src/pages/DeliveriesPage.tsx
FN:28,DeliveriesPage
FN:46,(anonymous_1)
FN:63,(anonymous_2)
FN:86,(anonymous_3)
FN:95,(anonymous_4)
FN:128,(anonymous_5)
FN:142,(anonymous_6)
FN:158,(anonymous_7)
FN:159,(anonymous_8)
FN:164,(anonymous_9)
FN:165,(anonymous_10)
FN:175,(anonymous_11)
FN:176,(anonymous_12)
FNF:13
FNH:0
FNDA:0,DeliveriesPage
FNDA:0,(anonymous_1)
FNDA:0,(anonymous_2)
FNDA:0,(anonymous_3)
FNDA:0,(anonymous_4)
FNDA:0,(anonymous_5)
FNDA:0,(anonymous_6)
FNDA:0,(anonymous_7)
FNDA:0,(anonymous_8)
FNDA:0,(anonymous_9)
FNDA:0,(anonymous_10)
FNDA:0,(anonymous_11)
FNDA:0,(anonymous_12)
DA:9,0
DA:11,0
DA:20,0
DA:29,0
DA:30,0
DA:31,0
DA:32,0
DA:33,0
DA:34,0
DA:35,0
DA:36,0
DA:37,0
DA:43,0
DA:44,0
DA:46,0
DA:47,0
DA:48,0
DA:49,0
DA:54,0
DA:55,0
DA:57,0
DA:59,0
DA:63,0
DA:64,0
DA:67,0
DA:87,0
DA:95,0
DA:117,0
DA:129,0
DA:130,0
DA:142,0
DA:158,0
DA:160,0
DA:161,0
DA:164,0
DA:165,0
DA:175,0
DA:177,0
DA:178,0
LF:39
LH:0
BRDA:52,0,0,0
BRDA:52,0,1,0
BRDA:54,1,0,0
BRDA:54,1,1,0
BRDA:87,2,0,0
BRDA:87,2,1,0
BRDA:95,3,0,0
BRDA:95,3,1,0
BRF:8
BRH:0
end_of_record
TN:
SF:src/pages/DeliveryDetailPage.tsx
FN:28,DeliveryDetailPage
FN:44,(anonymous_1)
FN:57,(anonymous_2)
FN:64,(anonymous_3)
FN:69,(anonymous_4)
FN:72,(anonymous_5)
FN:82,(anonymous_6)
FN:110,(anonymous_7)
FN:111,(anonymous_8)
FN:118,(anonymous_9)
FN:126,(anonymous_10)
FN:153,(anonymous_11)
FN:164,(anonymous_12)
FNF:13
FNH:0
FNDA:0,DeliveryDetailPage
FNDA:0,(anonymous_1)
FNDA:0,(anonymous_2)
FNDA:0,(anonymous_3)
FNDA:0,(anonymous_4)
FNDA:0,(anonymous_5)
FNDA:0,(anonymous_6)
FNDA:0,(anonymous_7)
FNDA:0,(anonymous_8)
FNDA:0,(anonymous_9)
FNDA:0,(anonymous_10)
FNDA:0,(anonymous_11)
FNDA:0,(anonymous_12)
DA:18,0
DA:20,0
DA:29,0
DA:30,0
DA:31,0
DA:33,0
DA:34,0
DA:35,0
DA:36,0
DA:41,0
DA:42,0
DA:44,0
DA:45,0
DA:46,0
DA:47,0
DA:48,0
DA:49,0
DA:51,0
DA:53,0
DA:57,0
DA:58,0
DA:59,0
DA:60,0
DA:61,0
DA:63,0
DA:64,0
DA:66,0
DA:70,0
DA:72,0
DA:76,0
DA:78,0
DA:82,0
DA:83,0
DA:84,0
DA:87,0
DA:88,0
DA:95,0
DA:96,0
DA:103,0
DA:111,0
DA:119,0
DA:126,0
DA:137,0
DA:153,0
DA:165,0
DA:166,0
LF:46
LH:0
BRDA:45,0,0,0
BRDA:45,0,1,0
BRDA:58,1,0,0
BRDA:58,1,1,0
BRDA:87,2,0,0
BRDA:87,2,1,0
BRDA:95,3,0,0
BRDA:95,3,1,0
BRDA:119,4,0,0
BRDA:119,4,1,0
BRDA:158,5,0,0
BRDA:158,5,1,0
BRDA:187,6,0,0
BRDA:187,6,1,0
BRDA:196,7,0,0
BRDA:196,7,1,0
BRDA:199,8,0,0
BRDA:199,8,1,0
BRDA:202,9,0,0
BRDA:202,9,1,0
BRF:20
BRH:0
end_of_record
TN:
SF:src/pages/LoginPage.tsx
FN:5,LoginPage
FN:10,(anonymous_1)
FNF:2
FNH:0
FNDA:0,LoginPage
FNDA:0,(anonymous_1)
DA:6,0
DA:7,0
DA:8,0
DA:10,0
DA:11,0
DA:12,0
DA:13,0
DA:14,0
DA:16,0
DA:17,0
DA:20,0
LF:11
LH:0
BRDA:12,0,0,0
BRDA:12,0,1,0
BRF:2
BRH:0
end_of_record
TN:
SF:src/pages/McapFilesPage.tsx
FN:19,formatBytes
FN:34,McapFilesPage
FN:45,(anonymous_2)
FN:64,(anonymous_3)
FN:73,(anonymous_4)
FN:82,(anonymous_5)
FN:90,(anonymous_6)
FN:96,(anonymous_7)
FN:105,(anonymous_8)
FN:112,(anonymous_9)
FN:118,(anonymous_10)
FN:124,(anonymous_11)
FN:158,(anonymous_12)
FN:159,(anonymous_13)
FN:160,(anonymous_14)
FN:166,(anonymous_15)
FN:171,(anonymous_16)
FN:185,(anonymous_17)
FN:187,(anonymous_18)
FN:197,(anonymous_19)
FN:198,(anonymous_20)
FN:208,(anonymous_21)
FNF:22
FNH:0
FNDA:0,formatBytes
FNDA:0,McapFilesPage
FNDA:0,(anonymous_2)
FNDA:0,(anonymous_3)
FNDA:0,(anonymous_4)
FNDA:0,(anonymous_5)
FNDA:0,(anonymous_6)
FNDA:0,(anonymous_7)
FNDA:0,(anonymous_8)
FNDA:0,(anonymous_9)
FNDA:0,(anonymous_10)
FNDA:0,(anonymous_11)
FNDA:0,(anonymous_12)
FNDA:0,(anonymous_13)
FNDA:0,(anonymous_14)
FNDA:0,(anonymous_15)
FNDA:0,(anonymous_16)
FNDA:0,(anonymous_17)
FNDA:0,(anonymous_18)
FNDA:0,(anonymous_19)
FNDA:0,(anonymous_20)
FNDA:0,(anonymous_21)
DA:11,0
DA:13,0
DA:20,0
DA:21,0
DA:22,0
DA:23,0
DA:24,0
DA:27,0
DA:35,0
DA:36,0
DA:37,0
DA:38,0
DA:39,0
DA:40,0
DA:41,0
DA:42,0
DA:43,0
DA:45,0
DA:46,0
DA:47,0
DA:48,0
DA:54,0
DA:55,0
DA:57,0
DA:58,0
DA:60,0
DA:64,0
DA:65,0
DA:68,0
DA:74,0
DA:83,0
DA:90,0
DA:97,0
DA:105,0
DA:112,0
DA:118,0
DA:124,0
DA:130,0
DA:144,0
DA:158,0
DA:159,0
DA:160,0
DA:166,0
DA:171,0
DA:185,0
DA:188,0
DA:189,0
DA:197,0
DA:199,0
DA:200,0
DA:208,0
LF:51
LH:0
BRDA:20,0,0,0
BRDA:20,0,1,0
BRDA:20,1,0,0
BRDA:20,1,1,0
BRDA:21,2,0,0
BRDA:21,2,1,0
BRDA:22,3,0,0
BRDA:22,3,1,0
BRDA:23,4,0,0
BRDA:23,4,1,0
BRDA:39,5,0,0
BRDA:39,5,1,0
BRDA:45,6,0,0
BRDA:51,7,0,0
BRDA:51,7,1,0
BRDA:52,8,0,0
BRDA:52,8,1,0
BRDA:54,9,0,0
BRDA:54,9,1,0
BRDA:55,10,0,0
BRDA:55,10,1,0
BRDA:83,11,0,0
BRDA:83,11,1,0
BRDA:97,12,0,0
BRDA:97,12,1,0
BRDA:97,13,0,0
BRDA:97,13,1,0
BRDA:105,14,0,0
BRDA:105,14,1,0
BRDA:112,15,0,0
BRDA:112,15,1,0
BRDA:118,16,0,0
BRDA:118,16,1,0
BRDA:124,17,0,0
BRDA:124,17,1,0
BRF:35
BRH:0
end_of_record
TN:
SF:src/pages/SettingsPage.tsx
FN:7,SettingsPage
FNF:1
FNH:0
FNDA:0,SettingsPage
DA:5,0
DA:8,0
DA:10,0
LF:3
LH:0
BRDA:20,0,0,0
BRDA:20,0,1,0
BRF:2
BRH:0
end_of_record
TN:
SF:src/pages/TagDictionaryPage.tsx
FN:6,TagDictionaryPage
FNF:1
FNH:0
FNDA:0,TagDictionaryPage
DA:4,0
DA:7,0
LF:2
LH:0
BRF:0
BRH:0
end_of_record
